Log file open, 08/12/20 13:33:18
LogInit: Display: Running engine for game: MyProject
LogPlatformFile: Not using cached read wrapper
LogTaskGraph: Started task graph with 5 named threads and 47 total threads with 3 sets of task threads.
LogStats: Stats thread started at 2.499405
LogD3D11RHI: Loaded GFSDK_Aftermath_Lib.x64.dll
LogICUInternationalization: ICU TimeZone Detection - Raw Offset: +10:00, Platform Override: ''
LogPluginManager: Mounting plugin Paper2D
LogPluginManager: Mounting plugin AISupport
LogPluginManager: Mounting plugin LightPropagationVolume
LogPluginManager: Mounting plugin CameraShakePreviewer
LogPluginManager: Mounting plugin ActorLayerUtilities
LogPluginManager: Mounting plugin AnimationSharing
LogPluginManager: Mounting plugin CLionSourceCodeAccess
LogPluginManager: Mounting plugin CodeLiteSourceCodeAccess
LogPluginManager: Mounting plugin GitSourceControl
LogPluginManager: Mounting plugin KDevelopSourceCodeAccess
LogPluginManager: Mounting plugin NullSourceCodeAccess
LogPluginManager: Mounting plugin PerforceSourceControl
LogPluginManager: Mounting plugin PlasticSourceControl
LogPluginManager: Mounting plugin RiderSourceCodeAccess
LogPluginManager: Mounting plugin SubversionSourceControl
LogPluginManager: Mounting plugin UObjectPlugin
LogPluginManager: Mounting plugin VisualStudioCodeSourceCodeAccess
LogPluginManager: Mounting plugin VisualStudioSourceCodeAccess
LogPluginManager: Mounting plugin XCodeSourceCodeAccess
LogPluginManager: Mounting plugin AssetManagerEditor
LogPluginManager: Mounting plugin CryptoKeys
LogPluginManager: Mounting plugin CurveEditorTools
LogPluginManager: Mounting plugin DataValidation
LogPluginManager: Mounting plugin EditorScriptingUtilities
LogPluginManager: Mounting plugin FacialAnimation
LogPluginManager: Mounting plugin GameplayTagsEditor
LogPluginManager: Mounting plugin GeometryMode
LogPluginManager: Mounting plugin MacGraphicsSwitching
LogPluginManager: Mounting plugin MaterialAnalyzer
LogPluginManager: Mounting plugin MobileLauncherProfileWizard
LogPluginManager: Mounting plugin PluginBrowser
LogPluginManager: Mounting plugin SpeedTreeImporter
LogPluginManager: Mounting plugin DatasmithContent
LogPluginManager: Mounting plugin VariantManagerContent
LogPluginManager: Mounting plugin AlembicImporter
LogPluginManager: Mounting plugin AutomationUtils
LogPluginManager: Mounting plugin BackChannel
LogPluginManager: Mounting plugin ChaosCloth
LogPluginManager: Mounting plugin ChaosClothEditor
LogPluginManager: Mounting plugin ChaosEditor
LogPluginManager: Mounting plugin ChaosNiagara
LogPluginManager: Mounting plugin ChaosSolverPlugin
LogPluginManager: Mounting plugin CharacterAI
LogPluginManager: Mounting plugin GeometryCache
LogPluginManager: Mounting plugin GeometryCollectionPlugin
LogPluginManager: Mounting plugin GeometryProcessing
LogPluginManager: Mounting plugin PlanarCut
LogPluginManager: Mounting plugin PlatformCrypto
LogPluginManager: Mounting plugin ProxyLODPlugin
LogPluginManager: Mounting plugin SkeletalReduction
LogPluginManager: Mounting plugin Niagara
LogPluginManager: Mounting plugin MagicLeap
LogPluginManager: Mounting plugin MagicLeapLightEstimation
LogPluginManager: Mounting plugin MagicLeapMedia
LogPluginManager: Mounting plugin MagicLeapPassableWorld
LogPluginManager: Mounting plugin MLSDK
LogPluginManager: Mounting plugin AndroidMedia
LogPluginManager: Mounting plugin AvfMedia
LogPluginManager: Mounting plugin ImgMedia
LogPluginManager: Mounting plugin MediaCompositing
LogPluginManager: Mounting plugin MediaPlayerEditor
LogPluginManager: Mounting plugin WebMMedia
LogPluginManager: Mounting plugin WmfMedia
LogPluginManager: Mounting plugin MeshPainting
LogPluginManager: Mounting plugin TcpMessaging
LogPluginManager: Mounting plugin UdpMessaging
LogPluginManager: Mounting plugin ActorSequence
LogPluginManager: Mounting plugin LevelSequenceEditor
LogPluginManager: Mounting plugin MatineeToLevelSequence
LogPluginManager: Mounting plugin MovieRenderPipeline
LogPluginManager: Mounting plugin TemplateSequence
LogPluginManager: Mounting plugin NetcodeUnitTest
LogPluginManager: Mounting plugin NUTUnrealEngine4
LogPluginManager: Mounting plugin OnlineSubsystemGooglePlay
LogPluginManager: Mounting plugin OnlineSubsystemIOS
LogPluginManager: Mounting plugin OnlineSubsystem
LogPluginManager: Mounting plugin OnlineSubsystemNull
LogPluginManager: Mounting plugin OnlineSubsystemUtils
LogPluginManager: Mounting plugin LauncherChunkInstaller
LogPluginManager: Mounting plugin AndroidDeviceProfileSelector
LogPluginManager: Mounting plugin AndroidMoviePlayer
LogPluginManager: Mounting plugin AndroidPermission
LogPluginManager: Mounting plugin AppleImageUtils
LogPluginManager: Mounting plugin AppleMoviePlayer
LogPluginManager: Mounting plugin ArchVisCharacter
LogPluginManager: Mounting plugin AssetTags
LogPluginManager: Mounting plugin AudioCapture
LogPluginManager: Mounting plugin CableComponent
LogPluginManager: Mounting plugin CustomMeshComponent
LogPluginManager: Mounting plugin EditableMesh
LogPluginManager: Mounting plugin ExampleDeviceProfileSelector
LogPluginManager: Mounting plugin GoogleCloudMessaging
LogPluginManager: Mounting plugin GooglePAD
LogPluginManager: Mounting plugin IOSDeviceProfileSelector
LogPluginManager: Mounting plugin LinuxDeviceProfileSelector
LogPluginManager: Mounting plugin LocationServicesBPLibrary
LogPluginManager: Mounting plugin MobilePatchingUtils
LogPluginManager: Mounting plugin OculusVR
LogPluginManager: Mounting plugin PhysXVehicles
LogPluginManager: Mounting plugin PostSplashScreen
LogPluginManager: Mounting plugin ProceduralMeshComponent
LogPluginManager: Mounting plugin RuntimePhysXCooking
LogPluginManager: Mounting plugin SignificanceManager
LogPluginManager: Mounting plugin SoundFields
LogPluginManager: Mounting plugin SteamVR
LogPluginManager: Mounting plugin Synthesis
LogPluginManager: Mounting plugin WebMMoviePlayer
LogPluginManager: Mounting plugin WindowsMoviePlayer
LogPluginManager: Mounting plugin ScreenshotTools
LogInit: Using libcurl 7.55.1-DEV
LogInit:  - built for x86_64-pc-win32
LogInit:  - supports SSL with OpenSSL/1.1.1
LogInit:  - supports HTTP deflate (compression) using libz 1.2.8
LogInit:  - other features:
LogInit:      CURL_VERSION_SSL
LogInit:      CURL_VERSION_LIBZ
LogInit:      CURL_VERSION_IPV6
LogInit:      CURL_VERSION_ASYNCHDNS
LogInit:      CURL_VERSION_LARGEFILE
LogInit:      CURL_VERSION_IDN
LogInit:  CurlRequestOptions (configurable via config and command line):
LogInit:  - bVerifyPeer = true  - Libcurl will verify peer certificate
LogInit:  - bUseHttpProxy = false  - Libcurl will NOT use HTTP proxy
LogInit:  - bDontReuseConnections = false  - Libcurl will reuse connections
LogInit:  - MaxHostConnections = 16  - Libcurl will limit the number of connections to a host
LogInit:  - LocalHostAddr = Default
LogInit:  - BufferSize = 65536
LogOnline: OSS: Creating online subsystem instance for: NULL
LogInit: WinSock: version 1.1 (2.2), MaxSocks=32767, MaxUdp=65467
LogOnline: OSS: TryLoadSubsystemAndSetDefault: Loaded subsystem for module [NULL]
LogInit: Build: ++UE4+Release-4.25-CL-13594126
LogInit: Engine Version: 4.25.1-13594126+++UE4+Release-4.25
LogInit: Compatible Engine Version: 4.25.0-13144385+++UE4+Release-4.25
LogInit: Net CL: 13144385
LogInit: OS: Windows 10 (Release 1903) (), CPU: Intel(R) Core(TM) i9-9900K CPU @ 3.60GHz, GPU: NVIDIA GeForce RTX 2080 Ti
LogInit: Compiled (64-bit): Jun  2 2020 02:10:36
LogInit: Compiled with Visual C++: 19.24.28315.00
LogInit: Build Configuration: Development
LogInit: Branch Name: ++UE4+Release-4.25
LogInit: Command Line: 
LogInit: Base Directory: E:/epic/Epic Games/UE_4.25/Engine/Binaries/Win64/
LogInit: Allocator: TBB
LogInit: Installed Engine Build: 1
LogDevObjectVersion: Number of dev versions registered: 26
LogDevObjectVersion:   Dev-Blueprints (B0D832E4-1F89-4F0D-ACCF-7EB736FD4AA2): 10
LogDevObjectVersion:   Dev-Build (E1C64328-A22C-4D53-A36C-8E866417BD8C): 0
LogDevObjectVersion:   Dev-Core (375EC13C-06E4-48FB-B500-84F0262A717E): 4
LogDevObjectVersion:   Dev-Editor (E4B068ED-F494-42E9-A231-DA0B2E46BB41): 38
LogDevObjectVersion:   Dev-Framework (CFFC743F-43B0-4480-9391-14DF171D2073): 37
LogDevObjectVersion:   Dev-Mobile (B02B49B5-BB20-44E9-A304-32B752E40360): 2
LogDevObjectVersion:   Dev-Networking (A4E4105C-59A1-49B5-A7C5-40C4547EDFEE): 0
LogDevObjectVersion:   Dev-Online (39C831C9-5AE6-47DC-9A44-9C173E1C8E7C): 0
LogDevObjectVersion:   Dev-Physics (78F01B33-EBEA-4F98-B9B4-84EACCB95AA2): 4
LogDevObjectVersion:   Dev-Platform (6631380F-2D4D-43E0-8009-CF276956A95A): 0
LogDevObjectVersion:   Dev-Rendering (12F88B9F-8875-4AFC-A67C-D90C383ABD29): 43
LogDevObjectVersion:   Dev-Sequencer (7B5AE74C-D270-4C10-A958-57980B212A5A): 12
LogDevObjectVersion:   Dev-VR (D7296918-1DD6-4BDD-9DE2-64A83CC13884): 3
LogDevObjectVersion:   Dev-LoadTimes (C2A15278-BFE7-4AFE-6C17-90FF531DF755): 1
LogDevObjectVersion:   Private-Geometry (6EACA3D4-40EC-4CC1-B786-8BED09428FC5): 3
LogDevObjectVersion:   Dev-AnimPhys (29E575DD-E0A3-4627-9D10-D276232CDCEA): 17
LogDevObjectVersion:   Dev-Anim (AF43A65D-7FD3-4947-9873-3E8ED9C1BB05): 7
LogDevObjectVersion:   Dev-ReflectionCapture (6B266CEC-1EC7-4B8F-A30B-E4D90942FC07): 1
LogDevObjectVersion:   Dev-Automation (0DF73D61-A23F-47EA-B727-89E90C41499A): 1
LogDevObjectVersion:   FortniteMain (601D1886-AC64-4F84-AA16-D3DE0DEAC7D6): 31
LogDevObjectVersion:   Dev-Enterprise (9DFFBCD6-494F-0158-E221-12823C92A888): 10
LogDevObjectVersion:   Dev-Niagara (F2AED0AC-9AFE-416F-8664-AA7FFA26D6FC): 1
LogDevObjectVersion:   Dev-Destruction (174F1F0B-B4C6-45A5-B13F-2EE8D0FB917D): 10
LogDevObjectVersion:   Dev-Physics-Ext (35F94A83-E258-406C-A318-09F59610247C): 37
LogDevObjectVersion:   Dev-PhysicsMaterial-Chaos (B68FC16E-8B1B-42E2-B453-215C058844FE): 1
LogDevObjectVersion:   Dev-CineCamera (B2E18506-4273-CFC2-A54E-F4BB758BBA07): 1
LogInit: Presizing for max 25165824 objects, including 0 objects not considered by GC, pre-allocating 0 bytes for permanent pool.
LogConfig: Applying CVar settings from Section [/Script/Engine.StreamingSettings] File [E:/ue4/MyProject/Saved/Config/Windows/Engine.ini]
LogConfig: Setting CVar [[s.MinBulkDataSizeForAsyncLoading:131072]]
LogConfig: Setting CVar [[s.AsyncLoadingThreadEnabled:0]]
LogConfig: Setting CVar [[s.EventDrivenLoaderEnabled:1]]
LogConfig: Setting CVar [[s.WarnIfTimeLimitExceeded:0]]
LogConfig: Setting CVar [[s.TimeLimitExceededMultiplier:1.5]]
LogConfig: Setting CVar [[s.TimeLimitExceededMinTime:0.005]]
LogConfig: Setting CVar [[s.UseBackgroundLevelStreaming:1]]
LogConfig: Setting CVar [[s.PriorityAsyncLoadingExtraTime:15.0]]
LogConfig: Setting CVar [[s.LevelStreamingActorsUpdateTimeLimit:5.0]]
LogConfig: Setting CVar [[s.PriorityLevelStreamingActorsUpdateExtraTime:5.0]]
LogConfig: Setting CVar [[s.LevelStreamingComponentsRegistrationGranularity:10]]
LogConfig: Setting CVar [[s.UnregisterComponentsTimeLimit:1.0]]
LogConfig: Setting CVar [[s.LevelStreamingComponentsUnregistrationGranularity:5]]
LogConfig: Setting CVar [[s.FlushStreamingOnExit:1]]
LogInit: Object subsystem initialized
LogConfig: Setting CVar [[con.DebugEarlyDefault:1]]
LogConfig: Setting CVar [[r.setres:1280x720]]
[2020.08.12-03.33.18:688][  0]LogConfig: Setting CVar [[r.VSync:0]]
[2020.08.12-03.33.18:688][  0]LogConfig: Setting CVar [[r.RHICmdBypass:0]]
[2020.08.12-03.33.18:688][  0]LogConfig: Applying CVar settings from Section [/Script/Engine.RendererSettings] File [E:/ue4/MyProject/Saved/Config/Windows/Engine.ini]
[2020.08.12-03.33.18:688][  0]LogConfig: Setting CVar [[r.GPUCrashDebugging:0]]
[2020.08.12-03.33.18:688][  0]LogConfig: Applying CVar settings from Section [/Script/Engine.RendererOverrideSettings] File [E:/ue4/MyProject/Saved/Config/Windows/Engine.ini]
[2020.08.12-03.33.18:688][  0]LogConfig: Applying CVar settings from Section [/Script/Engine.StreamingSettings] File [E:/ue4/MyProject/Saved/Config/Windows/Engine.ini]
[2020.08.12-03.33.18:688][  0]LogConfig: Setting CVar [[s.MinBulkDataSizeForAsyncLoading:131072]]
[2020.08.12-03.33.18:688][  0]LogConfig: Setting CVar [[s.AsyncLoadingThreadEnabled:0]]
[2020.08.12-03.33.18:688][  0]LogConfig: Setting CVar [[s.EventDrivenLoaderEnabled:1]]
[2020.08.12-03.33.18:688][  0]LogConfig: Setting CVar [[s.WarnIfTimeLimitExceeded:0]]
[2020.08.12-03.33.18:688][  0]LogConfig: Setting CVar [[s.TimeLimitExceededMultiplier:1.5]]
[2020.08.12-03.33.18:688][  0]LogConfig: Setting CVar [[s.TimeLimitExceededMinTime:0.005]]
[2020.08.12-03.33.18:688][  0]LogConfig: Setting CVar [[s.UseBackgroundLevelStreaming:1]]
[2020.08.12-03.33.18:688][  0]LogConfig: Setting CVar [[s.PriorityAsyncLoadingExtraTime:15.0]]
[2020.08.12-03.33.18:688][  0]LogConfig: Setting CVar [[s.LevelStreamingActorsUpdateTimeLimit:5.0]]
[2020.08.12-03.33.18:688][  0]LogConfig: Setting CVar [[s.PriorityLevelStreamingActorsUpdateExtraTime:5.0]]
[2020.08.12-03.33.18:688][  0]LogConfig: Setting CVar [[s.LevelStreamingComponentsRegistrationGranularity:10]]
[2020.08.12-03.33.18:688][  0]LogConfig: Setting CVar [[s.UnregisterComponentsTimeLimit:1.0]]
[2020.08.12-03.33.18:688][  0]LogConfig: Setting CVar [[s.LevelStreamingComponentsUnregistrationGranularity:5]]
[2020.08.12-03.33.18:688][  0]LogConfig: Setting CVar [[s.FlushStreamingOnExit:1]]
[2020.08.12-03.33.18:689][  0]LogConfig: Applying CVar settings from Section [/Script/Engine.GarbageCollectionSettings] File [E:/ue4/MyProject/Saved/Config/Windows/Engine.ini]
[2020.08.12-03.33.18:689][  0]LogConfig: Setting CVar [[gc.MaxObjectsNotConsideredByGC:1]]
[2020.08.12-03.33.18:689][  0]LogConfig: Setting CVar [[gc.SizeOfPermanentObjectPool:0]]
[2020.08.12-03.33.18:689][  0]LogConfig: Setting CVar [[gc.FlushStreamingOnGC:0]]
[2020.08.12-03.33.18:689][  0]LogConfig: Setting CVar [[gc.NumRetriesBeforeForcingGC:10]]
[2020.08.12-03.33.18:689][  0]LogConfig: Setting CVar [[gc.AllowParallelGC:1]]
[2020.08.12-03.33.18:689][  0]LogConfig: Setting CVar [[gc.TimeBetweenPurgingPendingKillObjects:61.1]]
[2020.08.12-03.33.18:689][  0]LogConfig: Setting CVar [[gc.MaxObjectsInEditor:25165824]]
[2020.08.12-03.33.18:689][  0]LogConfig: Setting CVar [[gc.IncrementalBeginDestroyEnabled:1]]
[2020.08.12-03.33.18:689][  0]LogConfig: Setting CVar [[gc.CreateGCClusters:1]]
[2020.08.12-03.33.18:689][  0]LogConfig: Setting CVar [[gc.MinGCClusterSize:5]]
[2020.08.12-03.33.18:689][  0]LogConfig: Setting CVar [[gc.ActorClusteringEnabled:0]]
[2020.08.12-03.33.18:689][  0]LogConfig: Setting CVar [[gc.BlueprintClusteringEnabled:0]]
[2020.08.12-03.33.18:689][  0]LogConfig: Setting CVar [[gc.UseDisregardForGCOnDedicatedServers:0]]
[2020.08.12-03.33.18:689][  0]LogConfig: Applying CVar settings from Section [/Script/Engine.NetworkSettings] File [E:/ue4/MyProject/Saved/Config/Windows/Engine.ini]
[2020.08.12-03.33.18:689][  0]LogConfig: Applying CVar settings from Section [/Script/UnrealEd.CookerSettings] File [E:/ue4/MyProject/Saved/Config/Windows/Engine.ini]
[2020.08.12-03.33.18:692][  0]LogConfig: Applying CVar settings from Section [ViewDistanceQuality@3] File [E:/ue4/MyProject/Saved/Config/Windows/Scalability.ini]
[2020.08.12-03.33.18:692][  0]LogConfig: Setting CVar [[r.SkeletalMeshLODBias:0]]
[2020.08.12-03.33.18:692][  0]LogConfig: Setting CVar [[r.ViewDistanceScale:1.0]]
[2020.08.12-03.33.18:692][  0]LogConfig: Applying CVar settings from Section [AntiAliasingQuality@3] File [E:/ue4/MyProject/Saved/Config/Windows/Scalability.ini]
[2020.08.12-03.33.18:692][  0]LogConfig: Setting CVar [[r.PostProcessAAQuality:4]]
[2020.08.12-03.33.18:692][  0]LogConfig: Applying CVar settings from Section [ShadowQuality@3] File [E:/ue4/MyProject/Saved/Config/Windows/Scalability.ini]
[2020.08.12-03.33.18:692][  0]LogConfig: Setting CVar [[r.LightFunctionQuality:1]]
[2020.08.12-03.33.18:692][  0]LogConfig: Setting CVar [[r.ShadowQuality:5]]
[2020.08.12-03.33.18:692][  0]LogConfig: Setting CVar [[r.Shadow.CSM.MaxCascades:10]]
[2020.08.12-03.33.18:692][  0]LogConfig: Setting CVar [[r.Shadow.MaxResolution:2048]]
[2020.08.12-03.33.18:692][  0]LogConfig: Setting CVar [[r.Shadow.MaxCSMResolution:2048]]
[2020.08.12-03.33.18:692][  0]LogConfig: Setting CVar [[r.Shadow.RadiusThreshold:0.01]]
[2020.08.12-03.33.18:692][  0]LogConfig: Setting CVar [[r.Shadow.DistanceScale:1.0]]
[2020.08.12-03.33.18:692][  0]LogConfig: Setting CVar [[r.Shadow.CSM.TransitionScale:1.0]]
[2020.08.12-03.33.18:692][  0]LogConfig: Setting CVar [[r.Shadow.PreShadowResolutionFactor:1.0]]
[2020.08.12-03.33.18:692][  0]LogConfig: Setting CVar [[r.DistanceFieldShadowing:1]]
[2020.08.12-03.33.18:692][  0]LogConfig: Setting CVar [[r.DistanceFieldAO:1]]
[2020.08.12-03.33.18:692][  0]LogConfig: Setting CVar [[r.AOQuality:2]]
[2020.08.12-03.33.18:692][  0]LogConfig: Setting CVar [[r.VolumetricFog:1]]
[2020.08.12-03.33.18:692][  0]LogConfig: Setting CVar [[r.VolumetricFog.GridPixelSize:8]]
[2020.08.12-03.33.18:692][  0]LogConfig: Setting CVar [[r.VolumetricFog.GridSizeZ:128]]
[2020.08.12-03.33.18:692][  0]LogConfig: Setting CVar [[r.VolumetricFog.HistoryMissSupersampleCount:4]]
[2020.08.12-03.33.18:692][  0]LogConfig: Setting CVar [[r.LightMaxDrawDistanceScale:1]]
[2020.08.12-03.33.18:692][  0]LogConfig: Setting CVar [[r.CapsuleShadows:1]]
[2020.08.12-03.33.18:692][  0]LogConfig: Applying CVar settings from Section [PostProcessQuality@3] File [E:/ue4/MyProject/Saved/Config/Windows/Scalability.ini]
[2020.08.12-03.33.18:692][  0]LogConfig: Setting CVar [[r.MotionBlurQuality:4]]
[2020.08.12-03.33.18:692][  0]LogConfig: Setting CVar [[r.AmbientOcclusionMipLevelFactor:0.4]]
[2020.08.12-03.33.18:692][  0]LogConfig: Setting CVar [[r.AmbientOcclusionMaxQuality:100]]
[2020.08.12-03.33.18:692][  0]LogConfig: Setting CVar [[r.AmbientOcclusionLevels:-1]]
[2020.08.12-03.33.18:692][  0]LogConfig: Setting CVar [[r.AmbientOcclusionRadiusScale:1.0]]
[2020.08.12-03.33.18:692][  0]LogConfig: Setting CVar [[r.DepthOfFieldQuality:2]]
[2020.08.12-03.33.18:692][  0]LogConfig: Setting CVar [[r.RenderTargetPoolMin:400]]
[2020.08.12-03.33.18:692][  0]LogConfig: Setting CVar [[r.LensFlareQuality:2]]
[2020.08.12-03.33.18:692][  0]LogConfig: Setting CVar [[r.SceneColorFringeQuality:1]]
[2020.08.12-03.33.18:692][  0]LogConfig: Setting CVar [[r.EyeAdaptationQuality:2]]
[2020.08.12-03.33.18:692][  0]LogConfig: Setting CVar [[r.BloomQuality:5]]
[2020.08.12-03.33.18:692][  0]LogConfig: Setting CVar [[r.FastBlurThreshold:100]]
[2020.08.12-03.33.18:692][  0]LogConfig: Setting CVar [[r.Upscale.Quality:3]]
[2020.08.12-03.33.18:692][  0]LogConfig: Setting CVar [[r.Tonemapper.GrainQuantization:1]]
[2020.08.12-03.33.18:692][  0]LogConfig: Setting CVar [[r.LightShaftQuality:1]]
[2020.08.12-03.33.18:692][  0]LogConfig: Setting CVar [[r.Filter.SizeScale:1]]
[2020.08.12-03.33.18:692][  0]LogConfig: Setting CVar [[r.Tonemapper.Quality:5]]
[2020.08.12-03.33.18:692][  0]LogConfig: Setting CVar [[r.DOF.Gather.AccumulatorQuality:1        ; higher gathering accumulator quality]]
[2020.08.12-03.33.18:692][  0]LogConfig: Setting CVar [[r.DOF.Gather.PostfilterMethod:1          ; Median3x3 postfilering method]]
[2020.08.12-03.33.18:692][  0]LogConfig: Setting CVar [[r.DOF.Gather.EnableBokehSettings:0       ; no bokeh simulation when gathering]]
[2020.08.12-03.33.18:692][  0]LogConfig: Setting CVar [[r.DOF.Gather.RingCount:4                 ; medium number of samples when gathering]]
[2020.08.12-03.33.18:692][  0]LogConfig: Setting CVar [[r.DOF.Scatter.ForegroundCompositing:1    ; additive foreground scattering]]
[2020.08.12-03.33.18:692][  0]LogConfig: Setting CVar [[r.DOF.Scatter.BackgroundCompositing:2    ; additive background scattering]]
[2020.08.12-03.33.18:692][  0]LogConfig: Setting CVar [[r.DOF.Scatter.EnableBokehSettings:1      ; bokeh simulation when scattering]]
[2020.08.12-03.33.18:692][  0]LogConfig: Setting CVar [[r.DOF.Scatter.MaxSpriteRatio:0.1         ; only a maximum of 10% of scattered bokeh]]
[2020.08.12-03.33.18:692][  0]LogConfig: Setting CVar [[r.DOF.Recombine.Quality:1                ; cheap slight out of focus]]
[2020.08.12-03.33.18:692][  0]LogConfig: Setting CVar [[r.DOF.Recombine.EnableBokehSettings:0    ; no bokeh simulation on slight out of focus]]
[2020.08.12-03.33.18:692][  0]LogConfig: Setting CVar [[r.DOF.TemporalAAQuality:1                ; more stable temporal accumulation]]
[2020.08.12-03.33.18:692][  0]LogConfig: Setting CVar [[r.DOF.Kernel.MaxForegroundRadius:0.025]]
[2020.08.12-03.33.18:692][  0]LogConfig: Setting CVar [[r.DOF.Kernel.MaxBackgroundRadius:0.025]]
[2020.08.12-03.33.18:692][  0]LogConfig: Applying CVar settings from Section [TextureQuality@3] File [E:/ue4/MyProject/Saved/Config/Windows/Scalability.ini]
[2020.08.12-03.33.18:692][  0]LogConfig: Setting CVar [[r.Streaming.MipBias:0]]
[2020.08.12-03.33.18:692][  0]LogConfig: Setting CVar [[r.Streaming.AmortizeCPUToGPUCopy:0]]
[2020.08.12-03.33.18:692][  0]LogConfig: Setting CVar [[r.Streaming.MaxNumTexturesToStreamPerFrame:0]]
[2020.08.12-03.33.18:692][  0]LogConfig: Setting CVar [[r.Streaming.Boost:1]]
[2020.08.12-03.33.18:693][  0]LogConfig: Setting CVar [[r.MaxAnisotropy:8]]
[2020.08.12-03.33.18:693][  0]LogConfig: Setting CVar [[r.VT.MaxAnisotropy:8]]
[2020.08.12-03.33.18:693][  0]LogConfig: Setting CVar [[r.Streaming.LimitPoolSizeToVRAM:0]]
[2020.08.12-03.33.18:693][  0]LogConfig: Setting CVar [[r.Streaming.PoolSize:1000]]
[2020.08.12-03.33.18:693][  0]LogConfig: Setting CVar [[r.Streaming.MaxEffectiveScreenSize:0]]
[2020.08.12-03.33.18:693][  0]LogConfig: Applying CVar settings from Section [EffectsQuality@3] File [E:/ue4/MyProject/Saved/Config/Windows/Scalability.ini]
[2020.08.12-03.33.18:693][  0]LogConfig: Setting CVar [[r.TranslucencyLightingVolumeDim:64]]
[2020.08.12-03.33.18:693][  0]LogConfig: Setting CVar [[r.RefractionQuality:2]]
[2020.08.12-03.33.18:693][  0]LogConfig: Setting CVar [[r.SSR.Quality:3]]
[2020.08.12-03.33.18:693][  0]LogConfig: Setting CVar [[r.SSR.HalfResSceneColor:0]]
[2020.08.12-03.33.18:693][  0]LogConfig: Setting CVar [[r.SceneColorFormat:4]]
[2020.08.12-03.33.18:693][  0]LogConfig: Setting CVar [[r.DetailMode:2]]
[2020.08.12-03.33.18:693][  0]LogConfig: Setting CVar [[r.TranslucencyVolumeBlur:1]]
[2020.08.12-03.33.18:693][  0]LogConfig: Setting CVar [[r.MaterialQualityLevel:1 ; High quality]]
[2020.08.12-03.33.18:693][  0]LogConfig: Setting CVar [[r.SSS.Scale:1]]
[2020.08.12-03.33.18:693][  0]LogConfig: Setting CVar [[r.SSS.SampleSet:2]]
[2020.08.12-03.33.18:693][  0]LogConfig: Setting CVar [[r.SSS.Quality:1]]
[2020.08.12-03.33.18:693][  0]LogConfig: Setting CVar [[r.SSS.HalfRes:0]]
[2020.08.12-03.33.18:693][  0]LogConfig: Setting CVar [[r.SSGI.Quality:3]]
[2020.08.12-03.33.18:693][  0]LogConfig: Setting CVar [[r.EmitterSpawnRateScale:1.0]]
[2020.08.12-03.33.18:693][  0]LogConfig: Setting CVar [[r.ParticleLightQuality:2]]
[2020.08.12-03.33.18:693][  0]LogConfig: Setting CVar [[r.SkyAtmosphere.AerialPerspectiveLUT.FastApplyOnOpaque:1 ; Always have FastSkyLUT 1 in this case to avoid wrong sky]]
[2020.08.12-03.33.18:693][  0]LogConfig: Setting CVar [[r.SkyAtmosphere.AerialPerspectiveLUT.SampleCountPerSlice:1]]
[2020.08.12-03.33.18:693][  0]LogConfig: Setting CVar [[r.SkyAtmosphere.AerialPerspectiveLUT.DepthResolution:16.0]]
[2020.08.12-03.33.18:693][  0]LogConfig: Setting CVar [[r.SkyAtmosphere.FastSkyLUT:1]]
[2020.08.12-03.33.18:693][  0]LogConfig: Setting CVar [[r.SkyAtmosphere.FastSkyLUT.SampleCountMin:4.0]]
[2020.08.12-03.33.18:693][  0]LogConfig: Setting CVar [[r.SkyAtmosphere.FastSkyLUT.SampleCountMax:32.0]]
[2020.08.12-03.33.18:693][  0]LogConfig: Setting CVar [[r.SkyAtmosphere.SampleCountMin:4.0]]
[2020.08.12-03.33.18:693][  0]LogConfig: Setting CVar [[r.SkyAtmosphere.SampleCountMax:32.0]]
[2020.08.12-03.33.18:693][  0]LogConfig: Setting CVar [[r.SkyAtmosphere.TransmittanceLUT.UseSmallFormat:0]]
[2020.08.12-03.33.18:693][  0]LogConfig: Setting CVar [[r.SkyAtmosphere.TransmittanceLUT.SampleCount:10.0]]
[2020.08.12-03.33.18:693][  0]LogConfig: Setting CVar [[r.SkyAtmosphere.MultiScatteringLUT.SampleCount:15.0]]
[2020.08.12-03.33.18:693][  0]LogConfig: Applying CVar settings from Section [FoliageQuality@3] File [E:/ue4/MyProject/Saved/Config/Windows/Scalability.ini]
[2020.08.12-03.33.18:693][  0]LogConfig: Setting CVar [[foliage.DensityScale:1.0]]
[2020.08.12-03.33.18:693][  0]LogConfig: Setting CVar [[grass.DensityScale:1.0]]
[2020.08.12-03.33.18:693][  0]LogConfig: Applying CVar settings from Section [ShadingQuality@3] File [E:/ue4/MyProject/Saved/Config/Windows/Scalability.ini]
[2020.08.12-03.33.18:693][  0]LogConfig: Setting CVar [[r.HairStrands.SkyLighting.SampleCount:16]]
[2020.08.12-03.33.18:693][  0]LogConfig: Setting CVar [[r.HairStrands.SkyLighting.JitterIntegration:0]]
[2020.08.12-03.33.18:693][  0]LogConfig: Setting CVar [[r.HairStrands.SkyAO.SampleCount:16]]
[2020.08.12-03.33.18:693][  0]LogConfig: Setting CVar [[r.HairStrands.DeepShadow.SuperSampling:0]]
[2020.08.12-03.33.18:693][  0]LogConfig: Setting CVar [[r.HairStrands.VisibilityPPLL:0]]
[2020.08.12-03.33.18:693][  0]LogConfig: Setting CVar [[r.HairStrands.RasterizationScale:0.5]]
[2020.08.12-03.33.18:693][  0]LogConfig: Setting CVar [[r.HairStrands.VelocityRasterizationScale:1]]
[2020.08.12-03.33.18:693][  0]LogInit: Selected Device Profile: [Windows]
[2020.08.12-03.33.18:693][  0]LogInit: Applying CVar settings loaded from the selected device profile: [Windows]
[2020.08.12-03.33.18:693][  0]LogHAL: Display: Platform has ~ 16 GB [17110896640 / 17179869184 / 16], which maps to Larger [LargestMinGB=32, LargerMinGB=12, DefaultMinGB=8, SmallerMinGB=6, SmallestMinGB=0)
[2020.08.12-03.33.18:693][  0]LogInit: Going up to parent DeviceProfile []
[2020.08.12-03.33.18:693][  0]LogConfig: Applying CVar settings from Section [ViewDistanceQuality@3] File [E:/ue4/MyProject/Saved/Config/Windows/Scalability.ini]
[2020.08.12-03.33.18:693][  0]LogConfig: Setting CVar [[r.SkeletalMeshLODBias:0]]
[2020.08.12-03.33.18:693][  0]LogConfig: Setting CVar [[r.ViewDistanceScale:1.0]]
[2020.08.12-03.33.18:693][  0]LogConfig: Applying CVar settings from Section [AntiAliasingQuality@3] File [E:/ue4/MyProject/Saved/Config/Windows/Scalability.ini]
[2020.08.12-03.33.18:693][  0]LogConfig: Setting CVar [[r.PostProcessAAQuality:4]]
[2020.08.12-03.33.18:693][  0]LogConfig: Applying CVar settings from Section [ShadowQuality@3] File [E:/ue4/MyProject/Saved/Config/Windows/Scalability.ini]
[2020.08.12-03.33.18:693][  0]LogConfig: Setting CVar [[r.LightFunctionQuality:1]]
[2020.08.12-03.33.18:693][  0]LogConfig: Setting CVar [[r.ShadowQuality:5]]
[2020.08.12-03.33.18:693][  0]LogConfig: Setting CVar [[r.Shadow.CSM.MaxCascades:10]]
[2020.08.12-03.33.18:693][  0]LogConfig: Setting CVar [[r.Shadow.MaxResolution:2048]]
[2020.08.12-03.33.18:693][  0]LogConfig: Setting CVar [[r.Shadow.MaxCSMResolution:2048]]
[2020.08.12-03.33.18:693][  0]LogConfig: Setting CVar [[r.Shadow.RadiusThreshold:0.01]]
[2020.08.12-03.33.18:693][  0]LogConfig: Setting CVar [[r.Shadow.DistanceScale:1.0]]
[2020.08.12-03.33.18:693][  0]LogConfig: Setting CVar [[r.Shadow.CSM.TransitionScale:1.0]]
[2020.08.12-03.33.18:693][  0]LogConfig: Setting CVar [[r.Shadow.PreShadowResolutionFactor:1.0]]
[2020.08.12-03.33.18:693][  0]LogConfig: Setting CVar [[r.DistanceFieldShadowing:1]]
[2020.08.12-03.33.18:693][  0]LogConfig: Setting CVar [[r.DistanceFieldAO:1]]
[2020.08.12-03.33.18:693][  0]LogConfig: Setting CVar [[r.AOQuality:2]]
[2020.08.12-03.33.18:693][  0]LogConfig: Setting CVar [[r.VolumetricFog:1]]
[2020.08.12-03.33.18:693][  0]LogConfig: Setting CVar [[r.VolumetricFog.GridPixelSize:8]]
[2020.08.12-03.33.18:693][  0]LogConfig: Setting CVar [[r.VolumetricFog.GridSizeZ:128]]
[2020.08.12-03.33.18:693][  0]LogConfig: Setting CVar [[r.VolumetricFog.HistoryMissSupersampleCount:4]]
[2020.08.12-03.33.18:693][  0]LogConfig: Setting CVar [[r.LightMaxDrawDistanceScale:1]]
[2020.08.12-03.33.18:693][  0]LogConfig: Setting CVar [[r.CapsuleShadows:1]]
[2020.08.12-03.33.18:693][  0]LogConfig: Applying CVar settings from Section [PostProcessQuality@3] File [E:/ue4/MyProject/Saved/Config/Windows/Scalability.ini]
[2020.08.12-03.33.18:693][  0]LogConfig: Setting CVar [[r.MotionBlurQuality:4]]
[2020.08.12-03.33.18:693][  0]LogConfig: Setting CVar [[r.AmbientOcclusionMipLevelFactor:0.4]]
[2020.08.12-03.33.18:693][  0]LogConfig: Setting CVar [[r.AmbientOcclusionMaxQuality:100]]
[2020.08.12-03.33.18:693][  0]LogConfig: Setting CVar [[r.AmbientOcclusionLevels:-1]]
[2020.08.12-03.33.18:693][  0]LogConfig: Setting CVar [[r.AmbientOcclusionRadiusScale:1.0]]
[2020.08.12-03.33.18:693][  0]LogConfig: Setting CVar [[r.DepthOfFieldQuality:2]]
[2020.08.12-03.33.18:693][  0]LogConfig: Setting CVar [[r.RenderTargetPoolMin:400]]
[2020.08.12-03.33.18:693][  0]LogConfig: Setting CVar [[r.LensFlareQuality:2]]
[2020.08.12-03.33.18:693][  0]LogConfig: Setting CVar [[r.SceneColorFringeQuality:1]]
[2020.08.12-03.33.18:693][  0]LogConfig: Setting CVar [[r.EyeAdaptationQuality:2]]
[2020.08.12-03.33.18:693][  0]LogConfig: Setting CVar [[r.BloomQuality:5]]
[2020.08.12-03.33.18:693][  0]LogConfig: Setting CVar [[r.FastBlurThreshold:100]]
[2020.08.12-03.33.18:693][  0]LogConfig: Setting CVar [[r.Upscale.Quality:3]]
[2020.08.12-03.33.18:693][  0]LogConfig: Setting CVar [[r.Tonemapper.GrainQuantization:1]]
[2020.08.12-03.33.18:693][  0]LogConfig: Setting CVar [[r.LightShaftQuality:1]]
[2020.08.12-03.33.18:693][  0]LogConfig: Setting CVar [[r.Filter.SizeScale:1]]
[2020.08.12-03.33.18:693][  0]LogConfig: Setting CVar [[r.Tonemapper.Quality:5]]
[2020.08.12-03.33.18:693][  0]LogConfig: Setting CVar [[r.DOF.Gather.AccumulatorQuality:1        ; higher gathering accumulator quality]]
[2020.08.12-03.33.18:693][  0]LogConfig: Setting CVar [[r.DOF.Gather.PostfilterMethod:1          ; Median3x3 postfilering method]]
[2020.08.12-03.33.18:693][  0]LogConfig: Setting CVar [[r.DOF.Gather.EnableBokehSettings:0       ; no bokeh simulation when gathering]]
[2020.08.12-03.33.18:693][  0]LogConfig: Setting CVar [[r.DOF.Gather.RingCount:4                 ; medium number of samples when gathering]]
[2020.08.12-03.33.18:693][  0]LogConfig: Setting CVar [[r.DOF.Scatter.ForegroundCompositing:1    ; additive foreground scattering]]
[2020.08.12-03.33.18:693][  0]LogConfig: Setting CVar [[r.DOF.Scatter.BackgroundCompositing:2    ; additive background scattering]]
[2020.08.12-03.33.18:693][  0]LogConfig: Setting CVar [[r.DOF.Scatter.EnableBokehSettings:1      ; bokeh simulation when scattering]]
[2020.08.12-03.33.18:693][  0]LogConfig: Setting CVar [[r.DOF.Scatter.MaxSpriteRatio:0.1         ; only a maximum of 10% of scattered bokeh]]
[2020.08.12-03.33.18:693][  0]LogConfig: Setting CVar [[r.DOF.Recombine.Quality:1                ; cheap slight out of focus]]
[2020.08.12-03.33.18:693][  0]LogConfig: Setting CVar [[r.DOF.Recombine.EnableBokehSettings:0    ; no bokeh simulation on slight out of focus]]
[2020.08.12-03.33.18:693][  0]LogConfig: Setting CVar [[r.DOF.TemporalAAQuality:1                ; more stable temporal accumulation]]
[2020.08.12-03.33.18:694][  0]LogConfig: Setting CVar [[r.DOF.Kernel.MaxForegroundRadius:0.025]]
[2020.08.12-03.33.18:694][  0]LogConfig: Setting CVar [[r.DOF.Kernel.MaxBackgroundRadius:0.025]]
[2020.08.12-03.33.18:694][  0]LogConfig: Applying CVar settings from Section [TextureQuality@3] File [E:/ue4/MyProject/Saved/Config/Windows/Scalability.ini]
[2020.08.12-03.33.18:694][  0]LogConfig: Setting CVar [[r.Streaming.MipBias:0]]
[2020.08.12-03.33.18:694][  0]LogConfig: Setting CVar [[r.Streaming.AmortizeCPUToGPUCopy:0]]
[2020.08.12-03.33.18:694][  0]LogConfig: Setting CVar [[r.Streaming.MaxNumTexturesToStreamPerFrame:0]]
[2020.08.12-03.33.18:694][  0]LogConfig: Setting CVar [[r.Streaming.Boost:1]]
[2020.08.12-03.33.18:694][  0]LogConfig: Setting CVar [[r.MaxAnisotropy:8]]
[2020.08.12-03.33.18:694][  0]LogConfig: Setting CVar [[r.VT.MaxAnisotropy:8]]
[2020.08.12-03.33.18:694][  0]LogConfig: Setting CVar [[r.Streaming.LimitPoolSizeToVRAM:0]]
[2020.08.12-03.33.18:694][  0]LogConfig: Setting CVar [[r.Streaming.PoolSize:1000]]
[2020.08.12-03.33.18:694][  0]LogConfig: Setting CVar [[r.Streaming.MaxEffectiveScreenSize:0]]
[2020.08.12-03.33.18:694][  0]LogConfig: Applying CVar settings from Section [EffectsQuality@3] File [E:/ue4/MyProject/Saved/Config/Windows/Scalability.ini]
[2020.08.12-03.33.18:694][  0]LogConfig: Setting CVar [[r.TranslucencyLightingVolumeDim:64]]
[2020.08.12-03.33.18:694][  0]LogConfig: Setting CVar [[r.RefractionQuality:2]]
[2020.08.12-03.33.18:694][  0]LogConfig: Setting CVar [[r.SSR.Quality:3]]
[2020.08.12-03.33.18:694][  0]LogConfig: Setting CVar [[r.SSR.HalfResSceneColor:0]]
[2020.08.12-03.33.18:694][  0]LogConfig: Setting CVar [[r.SceneColorFormat:4]]
[2020.08.12-03.33.18:694][  0]LogConfig: Setting CVar [[r.DetailMode:2]]
[2020.08.12-03.33.18:694][  0]LogConfig: Setting CVar [[r.TranslucencyVolumeBlur:1]]
[2020.08.12-03.33.18:694][  0]LogConfig: Setting CVar [[r.MaterialQualityLevel:1 ; High quality]]
[2020.08.12-03.33.18:694][  0]LogConfig: Setting CVar [[r.SSS.Scale:1]]
[2020.08.12-03.33.18:694][  0]LogConfig: Setting CVar [[r.SSS.SampleSet:2]]
[2020.08.12-03.33.18:694][  0]LogConfig: Setting CVar [[r.SSS.Quality:1]]
[2020.08.12-03.33.18:694][  0]LogConfig: Setting CVar [[r.SSS.HalfRes:0]]
[2020.08.12-03.33.18:694][  0]LogConfig: Setting CVar [[r.SSGI.Quality:3]]
[2020.08.12-03.33.18:694][  0]LogConfig: Setting CVar [[r.EmitterSpawnRateScale:1.0]]
[2020.08.12-03.33.18:694][  0]LogConfig: Setting CVar [[r.ParticleLightQuality:2]]
[2020.08.12-03.33.18:694][  0]LogConfig: Setting CVar [[r.SkyAtmosphere.AerialPerspectiveLUT.FastApplyOnOpaque:1 ; Always have FastSkyLUT 1 in this case to avoid wrong sky]]
[2020.08.12-03.33.18:694][  0]LogConfig: Setting CVar [[r.SkyAtmosphere.AerialPerspectiveLUT.SampleCountPerSlice:1]]
[2020.08.12-03.33.18:694][  0]LogConfig: Setting CVar [[r.SkyAtmosphere.AerialPerspectiveLUT.DepthResolution:16.0]]
[2020.08.12-03.33.18:694][  0]LogConfig: Setting CVar [[r.SkyAtmosphere.FastSkyLUT:1]]
[2020.08.12-03.33.18:694][  0]LogConfig: Setting CVar [[r.SkyAtmosphere.FastSkyLUT.SampleCountMin:4.0]]
[2020.08.12-03.33.18:694][  0]LogConfig: Setting CVar [[r.SkyAtmosphere.FastSkyLUT.SampleCountMax:32.0]]
[2020.08.12-03.33.18:694][  0]LogConfig: Setting CVar [[r.SkyAtmosphere.SampleCountMin:4.0]]
[2020.08.12-03.33.18:694][  0]LogConfig: Setting CVar [[r.SkyAtmosphere.SampleCountMax:32.0]]
[2020.08.12-03.33.18:694][  0]LogConfig: Setting CVar [[r.SkyAtmosphere.TransmittanceLUT.UseSmallFormat:0]]
[2020.08.12-03.33.18:694][  0]LogConfig: Setting CVar [[r.SkyAtmosphere.TransmittanceLUT.SampleCount:10.0]]
[2020.08.12-03.33.18:694][  0]LogConfig: Setting CVar [[r.SkyAtmosphere.MultiScatteringLUT.SampleCount:15.0]]
[2020.08.12-03.33.18:694][  0]LogConfig: Applying CVar settings from Section [FoliageQuality@3] File [E:/ue4/MyProject/Saved/Config/Windows/Scalability.ini]
[2020.08.12-03.33.18:694][  0]LogConfig: Setting CVar [[foliage.DensityScale:1.0]]
[2020.08.12-03.33.18:694][  0]LogConfig: Setting CVar [[grass.DensityScale:1.0]]
[2020.08.12-03.33.18:694][  0]LogConfig: Applying CVar settings from Section [ShadingQuality@3] File [E:/ue4/MyProject/Saved/Config/Windows/Scalability.ini]
[2020.08.12-03.33.18:694][  0]LogConfig: Setting CVar [[r.HairStrands.SkyLighting.SampleCount:16]]
[2020.08.12-03.33.18:694][  0]LogConfig: Setting CVar [[r.HairStrands.SkyLighting.JitterIntegration:0]]
[2020.08.12-03.33.18:694][  0]LogConfig: Setting CVar [[r.HairStrands.SkyAO.SampleCount:16]]
[2020.08.12-03.33.18:694][  0]LogConfig: Setting CVar [[r.HairStrands.DeepShadow.SuperSampling:0]]
[2020.08.12-03.33.18:694][  0]LogConfig: Setting CVar [[r.HairStrands.VisibilityPPLL:0]]
[2020.08.12-03.33.18:694][  0]LogConfig: Setting CVar [[r.HairStrands.RasterizationScale:0.5]]
[2020.08.12-03.33.18:694][  0]LogConfig: Setting CVar [[r.HairStrands.VelocityRasterizationScale:1]]
[2020.08.12-03.33.18:694][  0]LogConfig: Applying CVar settings from Section [Startup] File [../../../Engine/Config/ConsoleVariables.ini]
[2020.08.12-03.33.18:694][  0]LogConfig: Setting CVar [[net.UseAdaptiveNetUpdateFrequency:0]]
[2020.08.12-03.33.18:694][  0]LogConfig: Setting CVar [[p.chaos.AllowCreatePhysxBodies:1]]
[2020.08.12-03.33.18:694][  0]LogConfig: Setting CVar [[fx.SkipVectorVMBackendOptimizations:1]]
[2020.08.12-03.33.18:694][  0]LogConfig: Applying CVar settings from Section [ConsoleVariables] File [E:/ue4/MyProject/Saved/Config/Windows/Engine.ini]
[2020.08.12-03.33.18:694][  0]LogInit: Computer: DESKTOP-84J1H51
[2020.08.12-03.33.18:694][  0]LogInit: User: aufbpc
[2020.08.12-03.33.18:694][  0]LogInit: CPU Page size=4096, Cores=8
[2020.08.12-03.33.18:694][  0]LogInit: High frequency timer resolution =10.000000 MHz
[2020.08.12-03.33.18:694][  0]LogMemory: Memory total: Physical=15.9GB (16GB approx)
[2020.08.12-03.33.18:694][  0]LogMemory: Platform Memory Stats for Windows
[2020.08.12-03.33.18:694][  0]LogMemory: Process Physical Memory: 117.33 MB used, 117.33 MB peak
[2020.08.12-03.33.18:694][  0]LogMemory: Process Virtual Memory: 106.76 MB used, 106.76 MB peak
[2020.08.12-03.33.18:694][  0]LogMemory: Physical Memory: 7664.95 MB used,  8653.27 MB free, 16318.22 MB total
[2020.08.12-03.33.18:694][  0]LogMemory: Virtual Memory: 5194.28 MB used,  134212536.00 MB free, 134217728.00 MB total
[2020.08.12-03.33.18:699][  0]LogWindows: WindowsPlatformFeatures enabled
[2020.08.12-03.33.18:726][  0]LogInit: Physics initialised using underlying interface: PhysX
[2020.08.12-03.33.18:726][  0]LogInit: Overriding language with editor language configuration option (en).
[2020.08.12-03.33.18:726][  0]LogInit: Overriding locale with editor culture configuration option ().
[2020.08.12-03.33.18:726][  0]LogInit: Using OS detected locale (zh-CN).
[2020.08.12-03.33.18:848][  0]LogInit: Setting process to per monitor DPI aware
[2020.08.12-03.33.18:876][  0]LogSlate: New Slate User Created.  User Index 0, Is Virtual User: 0
[2020.08.12-03.33.18:876][  0]LogSlate: Slate User Registered.  User Index 0, Is Virtual User: 0
[2020.08.12-03.33.18:996][  0]LogHMD: Failed to initialize OpenVR with code 110
[2020.08.12-03.33.18:996][  0]LogD3D11RHI: D3D11 min allowed feature level: 11_0
[2020.08.12-03.33.18:996][  0]LogD3D11RHI: D3D11 max allowed feature level: 11_0
[2020.08.12-03.33.18:996][  0]LogD3D11RHI: D3D11 adapters:
[2020.08.12-03.33.19:047][  0]LogD3D11RHI:    0. 'NVIDIA GeForce RTX 2080 Ti' (Feature Level 11_0)
[2020.08.12-03.33.19:047][  0]LogD3D11RHI:       11048/0/8159 MB DedicatedVideo/DedicatedSystem/SharedSystem, Outputs:2, VendorId:0x10de
[2020.08.12-03.33.19:049][  0]LogD3D11RHI:    1. 'Microsoft Basic Render Driver' (Feature Level 11_0)
[2020.08.12-03.33.19:049][  0]LogD3D11RHI:       0/0/8159 MB DedicatedVideo/DedicatedSystem/SharedSystem, Outputs:0, VendorId:0x1414
[2020.08.12-03.33.19:049][  0]LogD3D11RHI: Chosen D3D11 Adapter: 0
[2020.08.12-03.33.19:054][  0]LogD3D11RHI: Creating new Direct3DDevice
[2020.08.12-03.33.19:054][  0]LogD3D11RHI:     GPU DeviceId: 0x1e07 (for the marketing name, search the web for "GPU Device Id")
[2020.08.12-03.33.19:054][  0]LogWindows: EnumDisplayDevices:
[2020.08.12-03.33.19:054][  0]LogWindows:    0. 'NVIDIA GeForce RTX 2080 Ti' (P:1 D:1)
[2020.08.12-03.33.19:054][  0]LogWindows:    1. 'NVIDIA GeForce RTX 2080 Ti' (P:0 D:1)
[2020.08.12-03.33.19:055][  0]LogWindows:    2. 'NVIDIA GeForce RTX 2080 Ti' (P:0 D:0)
[2020.08.12-03.33.19:055][  0]LogWindows:    3. 'NVIDIA GeForce RTX 2080 Ti' (P:0 D:0)
[2020.08.12-03.33.19:055][  0]LogWindows: DebugString: FoundDriverCount:4 
[2020.08.12-03.33.19:055][  0]LogD3D11RHI:     Adapter Name: NVIDIA GeForce RTX 2080 Ti
[2020.08.12-03.33.19:055][  0]LogD3D11RHI:   Driver Version: 432.00 (internal:26.21.14.3200, unified:432.00)
[2020.08.12-03.33.19:055][  0]LogD3D11RHI:      Driver Date: 7-24-2019
[2020.08.12-03.33.19:055][  0]LogRHI: Texture pool is 7733 MB (70% of 11048 MB)
[2020.08.12-03.33.19:089][  0]LogD3D11RHI: RHI has support for 64 bit atomics
[2020.08.12-03.33.19:090][  0]LogD3D11RHI: [Aftermath] Enabled and primed
[2020.08.12-03.33.19:090][  0]LogD3D11RHI: Async texture creation enabled
[2020.08.12-03.33.19:090][  0]LogD3D11RHI: Array index from any shader is supported
[2020.08.12-03.33.19:203][  0]LogD3D11RHI: GPU Timing Frequency: 1000.000000 (Debug: 2 2)
[2020.08.12-03.33.19:452][  0]LogTargetPlatformManager: Display: Loaded TargetPlatform 'AllDesktop'
[2020.08.12-03.33.19:466][  0]LogTargetPlatformManager: Display: Loaded TargetPlatform 'Android'
[2020.08.12-03.33.19:466][  0]LogTargetPlatformManager: Display: Loaded TargetPlatform 'Android_ASTC'
[2020.08.12-03.33.19:466][  0]LogTargetPlatformManager: Display: Loaded TargetPlatform 'Android_DXT'
[2020.08.12-03.33.19:466][  0]LogTargetPlatformManager: Display: Loaded TargetPlatform 'Android_ETC2'
[2020.08.12-03.33.19:466][  0]LogTargetPlatformManager: Display: Loaded TargetPlatform 'AndroidClient'
[2020.08.12-03.33.19:466][  0]LogTargetPlatformManager: Display: Loaded TargetPlatform 'Android_ASTCClient'
[2020.08.12-03.33.19:466][  0]LogTargetPlatformManager: Display: Loaded TargetPlatform 'Android_DXTClient'
[2020.08.12-03.33.19:466][  0]LogTargetPlatformManager: Display: Loaded TargetPlatform 'Android_ETC2Client'
[2020.08.12-03.33.19:466][  0]LogTargetPlatformManager: Display: Loaded TargetPlatform 'Android_Multi'
[2020.08.12-03.33.19:466][  0]LogTargetPlatformManager: Display: Loaded TargetPlatform 'Android_MultiClient'
[2020.08.12-03.33.19:482][  0]LogTargetPlatformManager: Display: Loaded TargetPlatform 'IOSClient'
[2020.08.12-03.33.19:482][  0]LogTargetPlatformManager: Display: Loaded TargetPlatform 'IOS'
[2020.08.12-03.33.19:489][  0]LogTargetPlatformManager: Display: Loaded TargetPlatform 'Linux'
[2020.08.12-03.33.19:495][  0]LogTargetPlatformManager: Display: Loaded TargetPlatform 'LinuxNoEditor'
[2020.08.12-03.33.19:502][  0]LogTargetPlatformManager: Display: Loaded TargetPlatform 'LinuxClient'
[2020.08.12-03.33.19:508][  0]LogTargetPlatformManager: Display: Loaded TargetPlatform 'LinuxServer'
[2020.08.12-03.33.19:514][  0]LogTargetPlatformManager: Display: Loaded TargetPlatform 'LinuxAArch64NoEditor'
[2020.08.12-03.33.19:521][  0]LogTargetPlatformManager: Display: Loaded TargetPlatform 'LinuxAArch64Client'
[2020.08.12-03.33.19:527][  0]LogTargetPlatformManager: Display: Loaded TargetPlatform 'LinuxAArch64Server'
[2020.08.12-03.33.19:544][  0]LogTargetPlatformManager: Display: Loaded TargetPlatform 'Lumin'
[2020.08.12-03.33.19:544][  0]LogTargetPlatformManager: Display: Loaded TargetPlatform 'LuminClient'
[2020.08.12-03.33.19:554][  0]LogTargetPlatformManager: Display: Loaded TargetPlatform 'TVOSClient'
[2020.08.12-03.33.19:554][  0]LogTargetPlatformManager: Display: Loaded TargetPlatform 'TVOS'
[2020.08.12-03.33.19:561][  0]LogTargetPlatformManager: Display: Loaded TargetPlatform 'WindowsNoEditor'
[2020.08.12-03.33.19:567][  0]LogTargetPlatformManager: Display: Loaded TargetPlatform 'Windows'
[2020.08.12-03.33.19:574][  0]LogTargetPlatformManager: Display: Loaded TargetPlatform 'WindowsClient'
[2020.08.12-03.33.19:580][  0]LogTargetPlatformManager: Display: Loaded TargetPlatform 'WindowsServer'
[2020.08.12-03.33.19:580][  0]LogTargetPlatformManager: Display: Building Assets For Windows
[2020.08.12-03.33.19:586][  0]LogAudioDebug: Display: Lib vorbis DLL was dynamically loaded.
[2020.08.12-03.33.19:629][  0]LogShaderCompilers: Guid format shader working directory is 15 characters bigger than the processId version (../../../../../../ue4/MyProject/Intermediate/Shaders/WorkingDirectory/10264/).
[2020.08.12-03.33.19:629][  0]LogShaderCompilers: Cleaned the shader compiler working directory 'C:/Users/aufbpc/AppData/Local/Temp/UnrealShaderWorkingDir/E7B9E8764ED6111E6B61B9A2A47F689D/'.
[2020.08.12-03.33.19:629][  0]LogXGEController: Cannot use XGE Controller as Incredibuild is not installed on this machine.
[2020.08.12-03.33.19:629][  0]LogShaderCompilers: Cannot use XGE Shader Compiler as Incredibuild is not installed on this machine.
[2020.08.12-03.33.19:629][  0]LogShaderCompilers: Display: Using Local Shader Compiler.
[2020.08.12-03.33.20:185][  0]LogDerivedDataCache: Display: Max Cache Size: 512 MB
[2020.08.12-03.33.20:218][  0]LogDerivedDataCache: Loaded boot cache 0.03s 75MB C:/Users/aufbpc/AppData/Local/UnrealEngine/4.25/DerivedDataCache/Boot.ddc.
[2020.08.12-03.33.20:219][  0]LogDerivedDataCache: Display: Loaded Boot cache: C:/Users/aufbpc/AppData/Local/UnrealEngine/4.25/DerivedDataCache/Boot.ddc
[2020.08.12-03.33.20:219][  0]LogDerivedDataCache: FDerivedDataBackendGraph:  Pak pak cache file ../../../../../../ue4/MyProject/DerivedDataCache/DDC.ddp not found, will not use a pak cache.
[2020.08.12-03.33.20:219][  0]LogDerivedDataCache: Unable to find inner node Pak for hierarchical cache Hierarchy.
[2020.08.12-03.33.20:219][  0]LogDerivedDataCache: FDerivedDataBackendGraph:  CompressedPak pak cache file ../../../../../../ue4/MyProject/DerivedDataCache/Compressed.ddp not found, will not use a pak cache.
[2020.08.12-03.33.20:219][  0]LogDerivedDataCache: Unable to find inner node CompressedPak for hierarchical cache Hierarchy.
[2020.08.12-03.33.20:226][  0]LogDerivedDataCache: Display: Pak cache opened for reading ../../../Engine/DerivedDataCache/Compressed.ddp.
[2020.08.12-03.33.20:226][  0]LogDerivedDataCache: FDerivedDataBackendGraph:  EnterprisePak pak cache file ../../../Enterprise/DerivedDataCache/Compressed.ddp not found, will not use a pak cache.
[2020.08.12-03.33.20:226][  0]LogDerivedDataCache: Unable to find inner node EnterprisePak for hierarchical cache Hierarchy.
[2020.08.12-03.33.20:227][  0]LogDerivedDataCache: Using Local data cache path C:/Users/aufbpc/AppData/Local/UnrealEngine/Common/DerivedDataCache: Writable
[2020.08.12-03.33.20:227][  0]LogDerivedDataCache: Shared data cache path not found in *engine.ini, will not use an Shared cache.
[2020.08.12-03.33.20:227][  0]LogDerivedDataCache: Unable to find inner node Shared for hierarchical cache Hierarchy.
[2020.08.12-03.33.20:262][  0]LogSlate: Using FreeType 2.10.0
[2020.08.12-03.33.20:262][  0]LogSlate: SlateFontServices - WITH_FREETYPE: 1, WITH_HARFBUZZ: 1
[2020.08.12-03.33.20:280][  0]LogAssetRegistry: FAssetRegistry took 0.0017 seconds to start up
[2020.08.12-03.33.20:433][  0]LogInit: Selected Device Profile: [Windows]
[2020.08.12-03.33.20:513][  0]LogMeshReduction: Using QuadricMeshReduction for automatic static mesh reduction
[2020.08.12-03.33.20:513][  0]LogMeshReduction: Using SimplygonMeshReduction for automatic skeletal mesh reduction
[2020.08.12-03.33.20:513][  0]LogMeshReduction: Using ProxyLODMeshReduction for automatic mesh merging
[2020.08.12-03.33.20:513][  0]LogMeshReduction: No distributed automatic mesh merging module available
[2020.08.12-03.33.20:513][  0]LogMeshMerging: No distributed automatic mesh merging module available
[2020.08.12-03.33.20:524][  0]LogNetVersion: MyProject 1.0.0, NetCL: 13144385, EngineNetVer: 14, GameNetVer: 0 (Checksum: 709303259)
[2020.08.12-03.33.20:841][  0]LogAISub: UAISubsystem::UAISubsystem AISubsystem (0000014DC5B9C380), frame # 0
[2020.08.12-03.33.20:841][  0]LogAISub: UAISubsystem::UAISubsystem AIPerceptionSystem (0000014DC5AF51C0), frame # 0
[2020.08.12-03.33.20:841][  0]LogAISub: UAISubsystem::UAISubsystem EnvQueryManager (0000014DC5B58A00), frame # 0
[2020.08.12-03.33.20:902][  0]LogPackageLocalizationCache: Processed 19 localized package path(s) for 1 prioritized culture(s) in 0.057376 seconds
[2020.08.12-03.33.20:906][  0]LogUObjectArray: 15917 objects as part of root set at end of initial load.
[2020.08.12-03.33.20:906][  0]LogUObjectAllocator: 3965568 out of 0 bytes used by permanent object pool.
[2020.08.12-03.33.20:906][  0]LogUObjectArray: CloseDisregardForGC: 0/0 objects in disregard for GC pool
[2020.08.12-03.33.21:159][  0]LogTcpMessaging: Initializing TcpMessaging bridge
[2020.08.12-03.33.21:162][  0]LogUdpMessaging: Initializing bridge on interface 0.0.0.0:0 to multicast group 230.0.0.1:6666.
[2020.08.12-03.33.22:304][  0]LogStats: FPlatformStackWalk::StackWalkAndDump -  1.085 s
[2020.08.12-03.33.22:304][  0]LogOutputDevice: Error: === Handled ensure: ===
[2020.08.12-03.33.22:304][  0]LogOutputDevice: Error: 
[2020.08.12-03.33.22:304][  0]LogOutputDevice: Error: Ensure condition failed: AttachmentRules.LocationRule == EAttachmentRule::KeepRelative && AttachmentRules.RotationRule == EAttachmentRule::KeepRelative && AttachmentRules.ScaleRule == EAttachmentRule::KeepRelative [File:D:/Build/++UE4+Licensee/Sync/Engine/Source/Runtime/Engine/Private/Components/SceneComponent.cpp] [Line: 1812]
[2020.08.12-03.33.22:304][  0]LogOutputDevice: Error: AttachToComponent when called from a constructor is only setting up attachment and will always be treated as KeepRelative. Consider calling SetupAttachment directly instead.
[2020.08.12-03.33.22:304][  0]LogOutputDevice: Error: Stack: 
[2020.08.12-03.33.22:304][  0]LogOutputDevice: Error: [Callstack] 0x00007ffa228d6e69 UE4Editor-Engine.dll!UnknownFunction []
[2020.08.12-03.33.22:304][  0]LogOutputDevice: Error: [Callstack] 0x00007ffa2148c353 UE4Editor-Engine.dll!UnknownFunction []
[2020.08.12-03.33.22:304][  0]LogOutputDevice: Error: [Callstack] 0x00007ffa0b132912 UE4Editor-MyProject-0067.dll!AtankPawn::AtankPawn() [E:\ue4\MyProject\Source\MyProject\tankPawn.cpp:21]
[2020.08.12-03.33.22:304][  0]LogOutputDevice: Error: [Callstack] 0x00007ffa263ec223 UE4Editor-CoreUObject.dll!UnknownFunction []
[2020.08.12-03.33.22:304][  0]LogOutputDevice: Error: [Callstack] 0x00007ffa26698461 UE4Editor-CoreUObject.dll!UnknownFunction []
[2020.08.12-03.33.22:304][  0]LogOutputDevice: Error: [Callstack] 0x00007ffa26675bcf UE4Editor-CoreUObject.dll!UnknownFunction []
[2020.08.12-03.33.22:304][  0]LogOutputDevice: Error: [Callstack] 0x00007ffa265943b5 UE4Editor-CoreUObject.dll!UnknownFunction []
[2020.08.12-03.33.22:304][  0]LogOutputDevice: Error: [Callstack] 0x00007ffa23f8987a UE4Editor-Core.dll!UnknownFunction []
[2020.08.12-03.33.22:304][  0]LogOutputDevice: Error: [Callstack] 0x00007ffa23fa9a00 UE4Editor-Core.dll!UnknownFunction []
[2020.08.12-03.33.22:304][  0]LogOutputDevice: Error: [Callstack] 0x00007ffa6523b433 UE4Editor-Projects.dll!UnknownFunction []
[2020.08.12-03.33.22:304][  0]LogOutputDevice: Error: [Callstack] 0x00007ffa6523b70d UE4Editor-Projects.dll!UnknownFunction []
[2020.08.12-03.33.22:304][  0]LogOutputDevice: Error: [Callstack] 0x00007ff7f885fa92 UE4Editor.exe!UnknownFunction []
[2020.08.12-03.33.22:304][  0]LogOutputDevice: Error: [Callstack] 0x00007ff7f88626f5 UE4Editor.exe!UnknownFunction []
[2020.08.12-03.33.22:304][  0]LogOutputDevice: Error: [Callstack] 0x00007ff7f885b7ec UE4Editor.exe!UnknownFunction []
[2020.08.12-03.33.22:304][  0]LogOutputDevice: Error: [Callstack] 0x00007ff7f885bb5a UE4Editor.exe!UnknownFunction []
[2020.08.12-03.33.22:304][  0]LogOutputDevice: Error: [Callstack] 0x00007ff7f886e31d UE4Editor.exe!UnknownFunction []
[2020.08.12-03.33.22:304][  0]LogOutputDevice: Error: [Callstack] 0x00007ff7f887145a UE4Editor.exe!UnknownFunction []
[2020.08.12-03.33.22:304][  0]LogOutputDevice: Error: [Callstack] 0x00007ffa89587bd4 KERNEL32.DLL!UnknownFunction []
[2020.08.12-03.33.22:304][  0]LogOutputDevice: Error: [Callstack] 0x00007ffa8b52ce51 ntdll.dll!UnknownFunction []
[2020.08.12-03.33.22:304][  0]LogOutputDevice: Error: 
[2020.08.12-03.33.22:329][  0]LogStats:                SubmitErrorReport -  0.000 s
[2020.08.12-03.33.23:219][  0]LogStats:                    SendNewReport -  0.890 s
[2020.08.12-03.33.23:219][  0]LogStats:             FDebug::EnsureFailed -  2.001 s
[2020.08.12-03.33.23:254][  0]SourceControl: Source control is disabled
[2020.08.12-03.33.23:254][  0]SourceControl: Source control is disabled
[2020.08.12-03.33.23:257][  0]SourceControl: Source control is disabled
[2020.08.12-03.33.23:259][  0]SourceControl: Source control is disabled
[2020.08.12-03.33.23:265][  0]SourceControl: Source control is disabled
[2020.08.12-03.33.23:452][  0]LogAndroidPermission: UAndroidPermissionCallbackProxy::GetInstance
[2020.08.12-03.33.23:472][  0]LogAudioCaptureCore: Display: No Audio Capture implementations found. Audio input will be silent.
[2020.08.12-03.33.23:472][  0]LogAudioCaptureCore: Display: No Audio Capture implementations found. Audio input will be silent.
[2020.08.12-03.33.23:509][  0]LogOcInput: OculusInput pre-init called
[2020.08.12-03.33.23:517][  0]LogWindows: Failed to load 'OVRPlugin.dll' (GetLastError=126)
[2020.08.12-03.33.23:517][  0]LogWindows: File 'OVRPlugin.dll' does not exist
[2020.08.12-03.33.23:574][  0]LogEngine: Initializing Engine...
[2020.08.12-03.33.23:575][  0]LogHMD: Failed to initialize OpenVR with code 110
[2020.08.12-03.33.23:576][  0]LogMagicLeap: Warning: VR disabled because ZI is not enabled.  To enable, in the editor, Edit -> Project Settings -> Plugins -> Magic Leap Plugin -> Enable Zero Iteration
[2020.08.12-03.33.23:576][  0]LogStats: UGameplayTagsManager::InitializeManager -  0.000 s
[2020.08.12-03.33.23:656][  0]LogInit: Initializing FReadOnlyCVARCache
[2020.08.12-03.33.23:662][  0]LogAIModule: Creating AISystem for world Untitled
[2020.08.12-03.33.23:662][  0]LogAISub: UAISubsystem::UAISubsystem EnvQueryManager (0000014DC7BABC00), frame # 0
[2020.08.12-03.33.23:662][  0]LogAISub: UAISubsystem::UAISubsystem AIPerceptionSystem (0000014DC7BF5940), frame # 0
[2020.08.12-03.33.23:709][  0]LogAudioMixer: Display: Audio Mixer Platform Settings:
[2020.08.12-03.33.23:709][  0]LogAudioMixer: Display: 	Sample Rate:						  48000
[2020.08.12-03.33.23:709][  0]LogAudioMixer: Display: 	Callback Buffer Frame Size Requested: 1024
[2020.08.12-03.33.23:709][  0]LogAudioMixer: Display: 	Callback Buffer Frame Size To Use:	  1024
[2020.08.12-03.33.23:709][  0]LogAudioMixer: Display: 	Number of buffers to queue:			  2
[2020.08.12-03.33.23:709][  0]LogAudioMixer: Display: 	Max Channels (voices):				  32
[2020.08.12-03.33.23:709][  0]LogAudioMixer: Display: 	Number of Async Source Workers:		  0
[2020.08.12-03.33.23:709][  0]LogAudio: Display: AudioDevice MaxSources: 32
[2020.08.12-03.33.23:709][  0]LogAudio: Display: Using built-in audio occlusion.
[2020.08.12-03.33.23:709][  0]LogAudioMixer: Display: Initializing audio mixer.
[2020.08.12-03.33.23:719][  0]LogAudioMixer: Display: 0: FrontLeft
[2020.08.12-03.33.23:719][  0]LogAudioMixer: Display: 1: FrontRight
[2020.08.12-03.33.23:745][  0]LogAudioMixer: Display: Using Audio Device Headphones (High Definition Audio Device)
[2020.08.12-03.33.23:747][  0]LogAudioMixer: Display: Initializing Sound Submixes...
[2020.08.12-03.33.23:748][  0]LogAudioMixer: Display: Creating Master Submix 'MasterSubmixDefault'
[2020.08.12-03.33.23:748][  0]LogAudioMixer: Display: Creating Master Submix 'MasterReverbSubmixDefault'
[2020.08.12-03.33.23:749][  0]LogAudioMixer: Display: Creating Master Submix 'MasterEQSubmixDefault'
[2020.08.12-03.33.23:749][  0]LogInit: FAudioDevice initialized.
[2020.08.12-03.33.23:749][  0]LogNetVersion: Set ProjectVersion to 1.0.0.0. Version Checksum will be recalculated on next use.
[2020.08.12-03.33.23:782][  0]LogDerivedDataCache: Saved boot cache 0.03s 75MB C:/Users/aufbpc/AppData/Local/UnrealEngine/4.25/DerivedDataCache/Boot.ddc.
[2020.08.12-03.33.23:785][  0]LogInit: Texture streaming: Enabled
[2020.08.12-03.33.23:800][  0]LogEngineSessionManager: EngineSessionManager initialized
[2020.08.12-03.33.23:800][  0]LogEditorSessionSummary: Verbose: Initializing EditorSessionSummaryWriter for editor session tracking
[2020.08.12-03.33.23:802][  0]LogEditorSessionSummary: EditorSessionSummaryWriter initialized
[2020.08.12-03.33.23:861][  0]LogInit: Transaction tracking system initialized
[2020.08.12-03.33.23:877][  0]BlueprintLog: New page: Editor Load
[2020.08.12-03.33.23:925][  0]LocalizationService: Localization service is disabled
[2020.08.12-03.33.24:248][  0]LogCook: Display: Max memory allowance for cook 16384mb min free memory 0mb
[2020.08.12-03.33.24:248][  0]LogCook: Display: Mobile HDR setting 1
[2020.08.12-03.33.24:349][  0]LogFileCache: Scanning file cache for directory 'E:/ue4/MyProject/Content/' took 0.00s
[2020.08.12-03.33.24:520][  0]SourceControl: Source control is disabled
[2020.08.12-03.33.24:520][  0]LogUnrealEdMisc: Loading editor; pre map load, took 9.734
[2020.08.12-03.33.24:520][  0]Cmd: MAP LOAD FILE="../../../Engine/Content/Maps/Templates/Template_Default.umap" TEMPLATE=1 SHOWPROGRESS=1 FEATURELEVEL=3
[2020.08.12-03.33.24:521][  0]LightingResults: New page: Lighting Build
[2020.08.12-03.33.24:521][  0]LogWorld: UWorld::CleanupWorld for Untitled, bSessionEnded=true, bCleanupResources=true
[2020.08.12-03.33.24:521][  0]LogSlate: InvalidateAllWidgets triggered.  All widgets were invalidated
[2020.08.12-03.33.24:521][  0]MapCheck: New page: Map Check
[2020.08.12-03.33.24:521][  0]LightingResults: New page: Lighting Build
[2020.08.12-03.33.24:531][  0]LogAISub: UAISubsystem::~UAISubsystem EnvQueryManager (0000014DC7BABC00), frame # 0
[2020.08.12-03.33.24:531][  0]LogAISub: UAISubsystem::~UAISubsystem AIPerceptionSystem (0000014DC7BF5940), frame # 0
[2020.08.12-03.33.24:531][  0]LogUObjectHash: Compacting FUObjectHashTables data took   0.44ms
[2020.08.12-03.33.24:575][  0]LogAIModule: Creating AISystem for world Untitled_1
[2020.08.12-03.33.24:575][  0]LogAISub: UAISubsystem::UAISubsystem EnvQueryManager (0000014DB7525800), frame # 0
[2020.08.12-03.33.24:575][  0]LogAISub: UAISubsystem::UAISubsystem AIPerceptionSystem (0000014DB6C9E5C0), frame # 0
[2020.08.12-03.33.24:577][  0]LogEditorServer: Finished looking for orphan Actors (0.000 secs)
[2020.08.12-03.33.24:587][  0]LogUObjectHash: Compacting FUObjectHashTables data took   0.56ms
[2020.08.12-03.33.24:587][  0]Cmd: MAP CHECKDEP NOCLEARLOG
[2020.08.12-03.33.24:587][  0]MapCheck: Map check complete: 0 Error(s), 0 Warning(s), took 0.063ms to complete.
[2020.08.12-03.33.24:587][  0]LogFileHelpers: Loading map 'Template_Default' took 0.067
[2020.08.12-03.33.24:623][  0]LogUnrealEdMisc: Total Editor Startup Time, took 9.837
[2020.08.12-03.33.25:083][  0]LogSlate: Updating window title bar state: overlay mode, drag disabled, window buttons hidden, title bar hidden
[2020.08.12-03.33.25:088][  0]LogSlate: Updating window title bar state: overlay mode, drag disabled, window buttons hidden, title bar hidden
[2020.08.12-03.33.25:093][  0]LogSlate: Updating window title bar state: overlay mode, drag disabled, window buttons hidden, title bar hidden
[2020.08.12-03.33.25:098][  0]LogSlate: Updating window title bar state: overlay mode, drag disabled, window buttons hidden, title bar hidden
[2020.08.12-03.33.25:143][  0]LogCollectionManager: Loaded 0 collections in 0.000574 seconds
[2020.08.12-03.33.25:226][  0]LogFileCache: Scanning file cache for directory 'E:/ue4/MyProject/Saved/Collections/' took 0.00s
[2020.08.12-03.33.25:226][  0]LogFileCache: Scanning file cache for directory 'E:/ue4/MyProject/Content/Developers/aufbpc/Collections/' took 0.00s
[2020.08.12-03.33.25:226][  0]LogFileCache: Scanning file cache for directory 'E:/ue4/MyProject/Content/Collections/' took 0.00s
[2020.08.12-03.33.25:226][  0]LogContentBrowser: Native class hierarchy populated in 0.0071 seconds. Added 3430 classes and 823 folders.
[2020.08.12-03.33.25:259][  0]LogContentBrowser: Native class hierarchy updated for 'WidgetCarousel' in 0.0003 seconds. Added 0 classes and 0 folders.
[2020.08.12-03.33.26:880][  0]LogContentBrowser: Native class hierarchy updated for 'AddContentDialog' in 0.0003 seconds. Added 0 classes and 0 folders.
[2020.08.12-03.33.26:915][  0]LogContentBrowser: Native class hierarchy updated for 'SceneOutliner' in 0.0003 seconds. Added 2 classes and 0 folders.
[2020.08.12-03.33.27:189][  0]LogSlate: Took 0.000121 seconds to synchronously load lazily loaded font '../../../Engine/Content/Slate/Fonts/Roboto-Regular.ttf' (155K)
[2020.08.12-03.33.27:206][  0]LogSlate: Took 0.000127 seconds to synchronously load lazily loaded font '../../../Engine/Content/Slate/Fonts/Roboto-Bold.ttf' (160K)
[2020.08.12-03.33.27:236][  0]LogSlate: Took 0.013917 seconds to synchronously load lazily loaded font '../../../Engine/Content/Editor/Slate/Fonts/FontAwesome.ttf' (139K)
[2020.08.12-03.33.27:562][  0]LogRenderer: Reallocating scene render targets to support 1208x572 Format 10 NumSamples 1 (Frame:1).
[2020.08.12-03.33.27:789][  0]LogSlate: Took 0.020043 seconds to synchronously load lazily loaded font '../../../Engine/Content/Slate/Fonts/Roboto-Light.ttf' (167K)
[2020.08.12-03.33.27:867][  0]LogContentBrowser: Native class hierarchy updated for 'HierarchicalLODOutliner' in 0.0003 seconds. Added 0 classes and 0 folders.
[2020.08.12-03.33.27:867][  0]LogLoad: (Engine Initialization) Total time: 13.08 seconds
[2020.08.12-03.33.27:867][  0]LogLoad: (Engine Initialization) Total Blueprint compile time: 0.00 seconds
[2020.08.12-03.33.27:894][  0]LogAssetRegistry: Asset discovery search completed in 7.6150 seconds
[2020.08.12-03.33.27:896][  0]LogCollectionManager: Fixed up redirectors for 0 collections in 0.000001 seconds (updated 0 objects)
[2020.08.12-03.33.27:906][  0]LogContentStreaming: Texture pool size now 1000 MB
[2020.08.12-03.33.43:555][857]LogSlate: Took 0.000135 seconds to synchronously load lazily loaded font '../../../Engine/Content/Slate/Fonts/Roboto-Light.ttf' (167K)
[2020.08.12-03.33.43:564][857]LogAssetEditorSubsystem: Opening Asset editor for Class /Script/MyProject.tankPawn
[2020.08.12-03.58.17:361][ 51]LogEditor: Attempting to add actor of class 'tankPawn' to level at -580.00,-470.00,90.00
[2020.08.12-03.58.18:090][ 51]LogEditor: Attempting to add actor of class 'tankPawn' to level at -60.00,-40.00,20.00
[2020.08.12-03.58.20:427][262]LogTemp: Repeating last play command: Selected Viewport
[2020.08.12-03.58.20:494][262]LogPlayLevel: PlayLevel: No blueprints needed recompiling
[2020.08.12-03.58.20:567][262]PIE: New page: PIE session: Untitled_1 (2020年8月12日 下午11:58:20)
[2020.08.12-03.58.20:598][262]LogOnline: OSS: Creating online subsystem instance for: NULL
[2020.08.12-03.58.20:607][262]LogOnline: OSS: TryLoadSubsystemAndSetDefault: Loaded subsystem for module [NULL]
[2020.08.12-03.58.20:609][262]LogPlayLevel: Creating play world package: /Temp/UEDPIE_0_Untitled_1
[2020.08.12-03.58.20:643][262]LogPlayLevel: PIE: StaticDuplicateObject took: (0.034532s)
[2020.08.12-03.58.20:651][262]LogAIModule: Creating AISystem for world Untitled_1
[2020.08.12-03.58.20:651][262]LogAISub: UAISubsystem::UAISubsystem EnvQueryManager (0000014DB4278400), frame # 7262
[2020.08.12-03.58.20:651][262]LogAISub: UAISubsystem::UAISubsystem AIPerceptionSystem (0000014DB425FD80), frame # 7262
[2020.08.12-03.58.20:651][262]LogPlayLevel: PIE: World Init took: (0.007622s)
[2020.08.12-03.58.20:651][262]LogPlayLevel: PIE: Created PIE world by copying editor world from /Temp/Untitled_1.Untitled_1 to /Temp/UEDPIE_0_Untitled_1.Untitled_1 (0.042261s)
[2020.08.12-03.58.20:660][262]LogUObjectHash: Compacting FUObjectHashTables data took   0.53ms
[2020.08.12-03.58.20:674][262]LogAudioMixer: Display: Audio Mixer Platform Settings:
[2020.08.12-03.58.20:674][262]LogAudioMixer: Display: 	Sample Rate:						  48000
[2020.08.12-03.58.20:674][262]LogAudioMixer: Display: 	Callback Buffer Frame Size Requested: 1024
[2020.08.12-03.58.20:674][262]LogAudioMixer: Display: 	Callback Buffer Frame Size To Use:	  1024
[2020.08.12-03.58.20:674][262]LogAudioMixer: Display: 	Number of buffers to queue:			  2
[2020.08.12-03.58.20:674][262]LogAudioMixer: Display: 	Max Channels (voices):				  32
[2020.08.12-03.58.20:674][262]LogAudioMixer: Display: 	Number of Async Source Workers:		  0
[2020.08.12-03.58.20:674][262]LogAudio: Display: AudioDevice MaxSources: 32
[2020.08.12-03.58.20:674][262]LogAudio: Display: Using built-in audio occlusion.
[2020.08.12-03.58.20:674][262]LogAudioMixer: Display: Initializing audio mixer.
[2020.08.12-03.58.20:679][262]LogAudioMixer: Display: 0: FrontLeft
[2020.08.12-03.58.20:679][262]LogAudioMixer: Display: 1: FrontRight
[2020.08.12-03.58.20:692][262]LogAudioMixer: Display: Using Audio Device Headphones (High Definition Audio Device)
[2020.08.12-03.58.20:692][262]LogAudioMixer: Display: Initializing Sound Submixes...
[2020.08.12-03.58.20:692][262]LogAudioMixer: Display: Creating Master Submix 'MasterSubmixDefault'
[2020.08.12-03.58.20:692][262]LogAudioMixer: Display: Creating Master Submix 'MasterReverbSubmixDefault'
[2020.08.12-03.58.20:692][262]LogAudioMixer: Display: Creating Master Submix 'MasterEQSubmixDefault'
[2020.08.12-03.58.20:702][262]LogInit: FAudioDevice initialized.
[2020.08.12-03.58.20:721][262]LogLoad: Game class is 'GameModeBase'
[2020.08.12-03.58.20:810][262]LogWorld: Bringing World /Temp/UEDPIE_0_Untitled_1.Untitled_1 up for play (max tick rate 0) at 2020.08.12-13.58.20
[2020.08.12-03.58.20:821][262]LogWorld: Bringing up level for play took: 0.019951
[2020.08.12-03.58.20:828][262]LogOnline: OSS: Creating online subsystem instance for: :Context_1
[2020.08.12-03.58.20:865][262]LogContentBrowser: Native class hierarchy updated for 'MovieSceneCapture' in 0.0004 seconds. Added 20 classes and 0 folders.
[2020.08.12-03.58.20:912][262]PIE: Server logged in
[2020.08.12-03.58.20:913][262]PIE: Play in editor total start time 0.467 seconds.
[2020.08.12-03.58.24:037][624]LogSlate: Updating window title bar state: overlay mode, drag disabled, window buttons hidden, title bar hidden
[2020.08.12-03.58.24:037][624]LogWorld: BeginTearingDown for /Temp/UEDPIE_0_Untitled_1
[2020.08.12-03.58.24:037][624]LogWorld: UWorld::CleanupWorld for Untitled_1, bSessionEnded=true, bCleanupResources=true
[2020.08.12-03.58.24:038][624]LogSlate: InvalidateAllWidgets triggered.  All widgets were invalidated
[2020.08.12-03.58.24:042][624]LogPlayLevel: Display: Shutting down PIE online subsystems
[2020.08.12-03.58.24:043][624]LogSlate: InvalidateAllWidgets triggered.  All widgets were invalidated
[2020.08.12-03.58.24:064][624]LogSlate: Updating window title bar state: overlay mode, drag disabled, window buttons hidden, title bar hidden
[2020.08.12-03.58.24:069][624]LogAISub: UAISubsystem::~UAISubsystem EnvQueryManager (0000014DB4278400), frame # 7624
[2020.08.12-03.58.24:069][624]LogAISub: UAISubsystem::~UAISubsystem AIPerceptionSystem (0000014DB425FD80), frame # 7624
[2020.08.12-03.58.24:070][624]LogUObjectHash: Compacting FUObjectHashTables data took   0.40ms
[2020.08.12-03.58.24:102][625]LogPlayLevel: Display: Destroying online subsystem :Context_1
[2020.08.12-03.58.35:294][965]LogEditorViewport: Clicking on Actor (LMB): StaticMeshActor (Floor)
[2020.08.12-03.58.36:368][965]LogEditorViewport: Clicking on Actor (LMB): StaticMeshActor (Floor)
[2020.08.12-03.58.37:240][ 21]LogSlate: Took 0.011640 seconds to synchronously load lazily loaded font '../../../Engine/Content/Slate/Fonts/Roboto-Italic.ttf' (157K)
[2020.08.12-03.58.49:963][387]Cmd: TRANSACTION UNDO
[2020.08.12-03.58.49:996][387]LogEditorTransaction: Undo Edit Static Mesh
[2020.08.12-03.58.52:293][623]LogEditorViewport: Clicking on Actor (LMB): tankPawn (tankPawn1)
[2020.08.12-03.59.02:139][737]Cmd: TRANSACTION UNDO
[2020.08.12-03.59.02:139][737]LogEditorTransaction: Undo Edit Static Mesh
[2020.08.12-03.59.36:612][123]LogUObjectHash: Compacting FUObjectHashTables data took   0.43ms
[2020.08.12-03.59.36:636][123]Cmd: OBJ SAVEPACKAGE PACKAGE="/Temp/Untitled_1" FILE="../../../../../../ue4/MyProject/Saved/Autosaves/Temp/Untitled_1_Auto1.umap" SILENT=true AUTOSAVING=true KEEPDIRTY=false
[2020.08.12-03.59.36:703][123]LogSavePackage: Moving '../../../../../../ue4/MyProject/Saved/Untitled_1_Auto1499C95AD4BDE98ACE23B0A833FA5398C.tmp' to '../../../../../../ue4/MyProject/Saved/Autosaves/Temp/Untitled_1_Auto1.umap'
[2020.08.12-03.59.36:758][123]LogFileHelpers: Editor autosave (incl. sublevels) for '/Temp/Untitled_1' took 0.156
[2020.08.12-03.59.36:758][123]LogFileHelpers: Editor autosave (incl. sublevels) for all levels took 0.156
[2020.08.12-03.59.42:011][139]Candidate modules for hot reload:
[2020.08.12-03.59.42:011][139]  MyProject
[2020.08.12-03.59.42:011][139]Launching UnrealBuildTool... [E:/epic/Epic Games/UE_4.25/Engine/Binaries/DotNET/UnrealBuildTool.exe  -ModuleWithSuffix=MyProject,1573 MyProjectEditor Win64 Development -Project="E:/ue4/MyProject/MyProject.uproject" "E:/ue4/MyProject/MyProject.uproject"  -IgnoreJunk]
[2020.08.12-03.59.42:013][139]Warning: Starting HotReload took  0.1s.
[2020.08.12-03.59.42:285][148]LogAudioMixer: Display: Audio Buffer Underrun detected.
[2020.08.12-04.01.14:719][199]CompilerResultsLog: New page: Compilation - 2020年8月13日 上午12:01:14
[2020.08.12-04.01.14:720][199]CompilerResultsLog: Parsing headers for MyProjectEditor
[2020.08.12-04.01.14:720][199]CompilerResultsLog:   Running UnrealHeaderTool "E:\ue4\MyProject\MyProject.uproject" "E:\ue4\MyProject\Intermediate\Build\Win64\MyProjectEditor\Development\MyProjectEditor.uhtmanifest" -LogCmds="loginit warning, logexit warning, logdatabase error" -Unattended -WarningsAsErrors -abslog="C:\Users\aufbpc\AppData\Local\UnrealBuildTool\Log_UHT.txt" -installed
[2020.08.12-04.01.14:720][199]CompilerResultsLog: Reflection code generated for MyProjectEditor in 25.8377866 seconds
[2020.08.12-04.01.14:720][199]CompilerResultsLog: Building MyProjectEditor...
[2020.08.12-04.01.14:720][199]CompilerResultsLog: Using Visual Studio 2019 14.26.28806 toolchain (E:\visual studio\VC\Tools\MSVC\14.26.28801) and Windows 10.0.18362.0 SDK (C:\Program Files (x86)\Windows Kits\10).
[2020.08.12-04.01.14:720][199]CompilerResultsLog: Building 6 actions with 16 processes...
[2020.08.12-04.01.14:720][199]CompilerResultsLog:   [1/6] tankPawn.cpp
[2020.08.12-04.01.14:720][199]CompilerResultsLog:    E:\ue4\MyProject\Source\MyProject\tankPawn.h(31) : error C2143: ?﷨????: ȱ?١?;??(?ڡ?*????ǰ??)
[2020.08.12-04.01.14:720][199]CompilerResultsLog:    E:\ue4\MyProject\Source\MyProject\tankPawn.h(31) : error C4430: ȱ??????˵???? - ?ٶ?Ϊ int??ע??: C++ ??֧??Ĭ?? int
[2020.08.12-04.01.14:720][199]CompilerResultsLog:    E:\ue4\MyProject\Source\MyProject\tankPawn.h(31) : error C2238: ?????ı???λ?ڡ?;??֮ǰ
[2020.08.12-04.01.14:720][199]CompilerResultsLog:    E:\ue4\MyProject\Source\MyProject\tankPawn.cpp(26) : error C2065: ??MovementComponent??: δ?????ı?ʶ??
[2020.08.12-04.01.14:720][199]CompilerResultsLog:    E:\ue4\MyProject\Source\MyProject\tankPawn.cpp(26) : error C2065: ??UTankPawnMovementComponent??: δ?????ı?ʶ??
[2020.08.12-04.01.14:720][199]CompilerResultsLog:    E:\ue4\MyProject\Source\MyProject\tankPawn.cpp(26) : error C2672: ??UObject::CreateDefaultSubobject??: δ?ҵ?ƥ???????غ???
[2020.08.12-04.01.14:720][199]CompilerResultsLog:    E:\ue4\MyProject\Source\MyProject\tankPawn.cpp(26) : error C2974: 'UObject::CreateDefaultSubobject' : ģ?? ???? 'TReturnType'????Ч??????ӦΪ????
[2020.08.12-04.01.14:720][199]CompilerResultsLog:   E:\epic\Epic Games\UE_4.25\Engine\Source\Runtime\CoreUObject\Public\UObject/Object.h(119): note: ?μ???UObject::CreateDefaultSubobject????????
[2020.08.12-04.01.14:720][199]CompilerResultsLog:    E:\ue4\MyProject\Source\MyProject\tankPawn.cpp(27) : error C2065: ??MovementComponent??: δ?????ı?ʶ??
[2020.08.12-04.01.14:720][199]CompilerResultsLog:    E:\ue4\MyProject\Source\MyProject\tankPawn.cpp(72) : error C2065: ??MovementComponent??: δ?????ı?ʶ??
[2020.08.12-04.01.14:720][199]CompilerResultsLog:    E:\ue4\MyProject\Source\MyProject\tankPawn.cpp(72) : error C2065: ??MovementComponent??: δ?????ı?ʶ??
[2020.08.12-04.01.14:720][199]CompilerResultsLog:    E:\ue4\MyProject\Source\MyProject\tankPawn.cpp(74) : error C2065: ??MovementComponent??: δ?????ı?ʶ??
[2020.08.12-04.01.14:720][199]CompilerResultsLog:    E:\ue4\MyProject\Source\MyProject\tankPawn.cpp(82) : error C2065: ??MovementComponent??: δ?????ı?ʶ??
[2020.08.12-04.01.14:720][199]CompilerResultsLog:    E:\ue4\MyProject\Source\MyProject\tankPawn.cpp(82) : error C2065: ??MovementComponent??: δ?????ı?ʶ??
[2020.08.12-04.01.14:720][199]CompilerResultsLog:    E:\ue4\MyProject\Source\MyProject\tankPawn.cpp(84) : error C2065: ??MovementComponent??: δ?????ı?ʶ??
[2020.08.12-04.01.14:720][199]CompilerResultsLog:    E:\ue4\MyProject\Source\MyProject\tankPawn.cpp(91) : error C2065: ??MovementComponent??: δ?????ı?ʶ??  [2/6] tankPawn.gen.cpp
[2020.08.12-04.01.14:720][199]CompilerResultsLog:    E:\ue4\MyProject\Source\MyProject/tankPawn.h(31) : error C2143: ?﷨????: ȱ?١?;??(?ڡ?*????ǰ??)
[2020.08.12-04.01.14:720][199]CompilerResultsLog:    E:\ue4\MyProject\Source\MyProject/tankPawn.h(31) : error C4430: ȱ??????˵???? - ?ٶ?Ϊ int??ע??: C++ ??֧??Ĭ?? int
[2020.08.12-04.01.14:720][199]CompilerResultsLog:    E:\ue4\MyProject\Source\MyProject/tankPawn.h(31) : error C2238: ?????ı???λ?ڡ?;??֮ǰ
[2020.08.12-04.01.14:720][199]CompilerResultsLog:   [3/6] MyProject.init.gen.cpp
[2020.08.12-04.01.14:720][199]LogMainFrame: MainFrame: Module compiling took 92.759 seconds
[2020.08.12-04.01.14:720][199]Warning: HotReload failed, recompile failed
[2020.08.12-04.03.13:820][169]Candidate modules for hot reload:
[2020.08.12-04.03.13:820][169]  MyProject
[2020.08.12-04.03.13:820][169]Launching UnrealBuildTool... [E:/epic/Epic Games/UE_4.25/Engine/Binaries/DotNET/UnrealBuildTool.exe  -ModuleWithSuffix=MyProject,729 MyProjectEditor Win64 Development -Project="E:/ue4/MyProject/MyProject.uproject" "E:/ue4/MyProject/MyProject.uproject"  -IgnoreJunk]
[2020.08.12-04.03.13:822][169]Warning: Starting HotReload took  0.0s.
[2020.08.12-04.03.14:590][230]CompilerResultsLog: New page: Compilation - 2020年8月13日 上午12:03:14
[2020.08.12-04.03.14:590][230]CompilerResultsLog: Building MyProjectEditor...
[2020.08.12-04.03.14:590][230]CompilerResultsLog: Using Visual Studio 2019 14.26.28806 toolchain (E:\visual studio\VC\Tools\MSVC\14.26.28801) and Windows 10.0.18362.0 SDK (C:\Program Files (x86)\Windows Kits\10).
[2020.08.12-04.03.14:590][230]CompilerResultsLog: Building 5 actions with 16 processes...
[2020.08.12-04.03.14:590][230]CompilerResultsLog:   [1/5] tankPawn.cpp
[2020.08.12-04.03.14:590][230]CompilerResultsLog:    E:\ue4\MyProject\Source\MyProject\tankPawn.h(31) : error C2143: ?﷨????: ȱ?١?;??(?ڡ?*????ǰ??)
[2020.08.12-04.03.14:590][230]CompilerResultsLog:    E:\ue4\MyProject\Source\MyProject\tankPawn.h(31) : error C4430: ȱ??????˵???? - ?ٶ?Ϊ int??ע??: C++ ??֧??Ĭ?? int
[2020.08.12-04.03.14:590][230]CompilerResultsLog:    E:\ue4\MyProject\Source\MyProject\tankPawn.h(31) : error C2238: ?????ı???λ?ڡ?;??֮ǰ
[2020.08.12-04.03.14:590][230]CompilerResultsLog:    E:\ue4\MyProject\Source\MyProject\tankPawn.cpp(26) : error C2065: ??MovementComponent??: δ?????ı?ʶ??
[2020.08.12-04.03.14:590][230]CompilerResultsLog:    E:\ue4\MyProject\Source\MyProject\tankPawn.cpp(26) : error C2065: ??UTankPawnMovementComponent??: δ?????ı?ʶ??
[2020.08.12-04.03.14:590][230]CompilerResultsLog:    E:\ue4\MyProject\Source\MyProject\tankPawn.cpp(26) : error C2672: ??UObject::CreateDefaultSubobject??: δ?ҵ?ƥ???????غ???
[2020.08.12-04.03.14:590][230]CompilerResultsLog:    E:\ue4\MyProject\Source\MyProject\tankPawn.cpp(26) : error C2974: 'UObject::CreateDefaultSubobject' : ģ?? ???? 'TReturnType'????Ч??????ӦΪ????
[2020.08.12-04.03.14:590][230]CompilerResultsLog:   E:\epic\Epic Games\UE_4.25\Engine\Source\Runtime\CoreUObject\Public\UObject/Object.h(119): note: ?μ???UObject::CreateDefaultSubobject????????
[2020.08.12-04.03.14:590][230]CompilerResultsLog:    E:\ue4\MyProject\Source\MyProject\tankPawn.cpp(27) : error C2065: ??MovementComponent??: δ?????ı?ʶ??
[2020.08.12-04.03.14:590][230]CompilerResultsLog:    E:\ue4\MyProject\Source\MyProject\tankPawn.cpp(72) : error C2065: ??MovementComponent??: δ?????ı?ʶ??
[2020.08.12-04.03.14:590][230]CompilerResultsLog:    E:\ue4\MyProject\Source\MyProject\tankPawn.cpp(72) : error C2065: ??MovementComponent??: δ?????ı?ʶ??
[2020.08.12-04.03.14:590][230]CompilerResultsLog:    E:\ue4\MyProject\Source\MyProject\tankPawn.cpp(74) : error C2065: ??MovementComponent??: δ?????ı?ʶ??
[2020.08.12-04.03.14:590][230]CompilerResultsLog:    E:\ue4\MyProject\Source\MyProject\tankPawn.cpp(82) : error C2065: ??MovementComponent??: δ?????ı?ʶ??
[2020.08.12-04.03.14:590][230]CompilerResultsLog:    E:\ue4\MyProject\Source\MyProject\tankPawn.cpp(82) : error C2065: ??MovementComponent??: δ?????ı?ʶ??
[2020.08.12-04.03.14:590][230]CompilerResultsLog:    E:\ue4\MyProject\Source\MyProject\tankPawn.cpp(84) : error C2065: ??MovementComponent??: δ?????ı?ʶ??
[2020.08.12-04.03.14:590][230]CompilerResultsLog:    E:\ue4\MyProject\Source\MyProject\tankPawn.cpp(91) : error C2065: ??MovementComponent??: δ?????ı?ʶ??  [2/5] tankPawn.gen.cpp
[2020.08.12-04.03.14:590][230]CompilerResultsLog:    E:\ue4\MyProject\Source\MyProject/tankPawn.h(31) : error C2143: ?﷨????: ȱ?١?;??(?ڡ?*????ǰ??)
[2020.08.12-04.03.14:590][230]CompilerResultsLog:    E:\ue4\MyProject\Source\MyProject/tankPawn.h(31) : error C4430: ȱ??????˵???? - ?ٶ?Ϊ int??ע??: C++ ??֧??Ĭ?? int
[2020.08.12-04.03.14:590][230]CompilerResultsLog:    E:\ue4\MyProject\Source\MyProject/tankPawn.h(31) : error C2238: ?????ı???λ?ڡ?;??֮ǰ
[2020.08.12-04.03.14:590][230]LogMainFrame: MainFrame: Module compiling took 0.781 seconds
[2020.08.12-04.03.14:590][230]Warning: HotReload failed, recompile failed
[2020.08.12-04.03.16:043][386]LogSlate: Took 0.055022 seconds to synchronously load lazily loaded font '../../../Engine/Content/Slate/Fonts/DroidSansFallback.ttf' (3848K)
[2020.08.12-04.03.16:078][386]LogSlate: Took 0.015563 seconds to synchronously load lazily loaded font '../../../Engine/Content/Slate/Fonts/DroidSansMono.ttf' (77K)
[2020.08.12-04.03.16:090][386]LogSlate: Took 0.004536 seconds to synchronously load lazily loaded font '../../../Engine/Content/Slate/Fonts/NotoNaskhArabicUI-Regular.ttf' (144K)
[2020.08.12-04.03.16:099][386]LogSlate: Last resort fallback font was requested. Font: '../../../Engine/Content/Slate/Fonts/DroidSansFallback.ttf', Character: '﷨ (U+fde8)'
[2020.08.12-04.03.16:146][386]LogSlate: Took 0.046555 seconds to synchronously load lazily loaded font '../../../Engine/Content/SlateDebug/Fonts/LastResort.ttf' (5269K)
[2020.08.12-04.03.33:801][605]Candidate modules for hot reload:
[2020.08.12-04.03.33:801][605]  MyProject
[2020.08.12-04.03.33:801][605]Launching UnrealBuildTool... [E:/epic/Epic Games/UE_4.25/Engine/Binaries/DotNET/UnrealBuildTool.exe  -ModuleWithSuffix=MyProject,9429 MyProjectEditor Win64 Development -Project="E:/ue4/MyProject/MyProject.uproject" "E:/ue4/MyProject/MyProject.uproject"  -IgnoreJunk]
[2020.08.12-04.03.33:803][605]Warning: Starting HotReload took  0.0s.
[2020.08.12-04.03.35:915][823]LogSlate: Window 'Message Log' being destroyed
[2020.08.12-04.03.35:920][823]LogSlate: Window 'Message Log' being destroyed
[2020.08.12-04.03.41:036][436]CompilerResultsLog: New page: Compilation - 2020年8月13日 上午12:03:41
[2020.08.12-04.03.41:036][436]CompilerResultsLog: Parsing headers for MyProjectEditor
[2020.08.12-04.03.41:036][436]CompilerResultsLog:   Running UnrealHeaderTool "E:\ue4\MyProject\MyProject.uproject" "E:\ue4\MyProject\Intermediate\Build\Win64\MyProjectEditor\Development\MyProjectEditor.uhtmanifest" -LogCmds="loginit warning, logexit warning, logdatabase error" -Unattended -WarningsAsErrors -abslog="C:\Users\aufbpc\AppData\Local\UnrealBuildTool\Log_UHT.txt" -installed
[2020.08.12-04.03.41:036][436]CompilerResultsLog: Reflection code generated for MyProjectEditor in 4.4693428 seconds
[2020.08.12-04.03.41:036][436]CompilerResultsLog: Building MyProjectEditor...
[2020.08.12-04.03.41:036][436]CompilerResultsLog: Using Visual Studio 2019 14.26.28806 toolchain (E:\visual studio\VC\Tools\MSVC\14.26.28801) and Windows 10.0.18362.0 SDK (C:\Program Files (x86)\Windows Kits\10).
[2020.08.12-04.03.41:036][436]CompilerResultsLog: Building 5 actions with 16 processes...
[2020.08.12-04.03.41:036][436]CompilerResultsLog:   [1/5] tankPawn.cpp
[2020.08.12-04.03.41:036][436]CompilerResultsLog:    E:\ue4\MyProject\Source\MyProject\tankPawn.cpp(26) : error C2065: ??MovementComponent??: δ?????ı?ʶ??
[2020.08.12-04.03.41:036][436]CompilerResultsLog:    E:\ue4\MyProject\Source\MyProject\tankPawn.cpp(26) : error C2065: ??UTankPawnMovementComponent??: δ?????ı?ʶ??
[2020.08.12-04.03.41:036][436]CompilerResultsLog:    E:\ue4\MyProject\Source\MyProject\tankPawn.cpp(26) : error C2672: ??UObject::CreateDefaultSubobject??: δ?ҵ?ƥ???????غ???
[2020.08.12-04.03.41:036][436]CompilerResultsLog:    E:\ue4\MyProject\Source\MyProject\tankPawn.cpp(26) : error C2974: 'UObject::CreateDefaultSubobject' : ģ?? ???? 'TReturnType'????Ч??????ӦΪ????
[2020.08.12-04.03.41:036][436]CompilerResultsLog:   E:\epic\Epic Games\UE_4.25\Engine\Source\Runtime\CoreUObject\Public\UObject/Object.h(119): note: ?μ???UObject::CreateDefaultSubobject????????
[2020.08.12-04.03.41:036][436]CompilerResultsLog:    E:\ue4\MyProject\Source\MyProject\tankPawn.cpp(27) : error C2065: ??MovementComponent??: δ?????ı?ʶ??
[2020.08.12-04.03.41:036][436]CompilerResultsLog:    E:\ue4\MyProject\Source\MyProject\tankPawn.cpp(72) : error C2065: ??MovementComponent??: δ?????ı?ʶ??
[2020.08.12-04.03.41:036][436]CompilerResultsLog:    E:\ue4\MyProject\Source\MyProject\tankPawn.cpp(72) : error C2065: ??MovementComponent??: δ?????ı?ʶ??
[2020.08.12-04.03.41:036][436]CompilerResultsLog:    E:\ue4\MyProject\Source\MyProject\tankPawn.cpp(74) : error C2065: ??MovementComponent??: δ?????ı?ʶ??
[2020.08.12-04.03.41:036][436]CompilerResultsLog:    E:\ue4\MyProject\Source\MyProject\tankPawn.cpp(82) : error C2065: ??MovementComponent??: δ?????ı?ʶ??
[2020.08.12-04.03.41:036][436]CompilerResultsLog:    E:\ue4\MyProject\Source\MyProject\tankPawn.cpp(82) : error C2065: ??MovementComponent??: δ?????ı?ʶ??
[2020.08.12-04.03.41:036][436]CompilerResultsLog:    E:\ue4\MyProject\Source\MyProject\tankPawn.cpp(84) : error C2065: ??MovementComponent??: δ?????ı?ʶ??
[2020.08.12-04.03.41:036][436]CompilerResultsLog:    E:\ue4\MyProject\Source\MyProject\tankPawn.cpp(91) : error C2065: ??MovementComponent??: δ?????ı?ʶ??ō  [2/5] tankPawn.gen.cpp
[2020.08.12-04.03.41:036][436]LogMainFrame: MainFrame: Module compiling took 7.256 seconds
[2020.08.12-04.03.41:036][436]Warning: HotReload failed, recompile failed
[2020.08.12-04.04.00:309][680]LogSlate: Window 'Message Log' being destroyed
[2020.08.12-04.04.00:348][680]LogSlate: Window 'Message Log' being destroyed
[2020.08.12-04.43.42:587][883]LogEditorViewport: Clicking on Actor (LMB): StaticMeshActor (Floor)
